{"/home/travis/build/npmtest/node-npmtest-react-overlays/test.js":{"path":"/home/travis/build/npmtest/node-npmtest-react-overlays/test.js","s":{"1":2,"2":2,"3":2,"4":2,"5":2,"6":2,"7":2,"8":1,"9":2,"10":2,"11":1,"12":1,"13":1,"14":1,"15":2,"16":2,"17":2,"18":2,"19":1,"20":1,"21":2,"22":2,"23":2,"24":1,"25":1,"26":1,"27":1,"28":1,"29":1,"30":1,"31":1,"32":1,"33":1,"34":1,"35":1,"36":1,"37":1,"38":1,"39":2,"40":2,"41":1,"42":2,"43":2,"44":1,"45":2,"46":2,"47":1,"48":2,"49":2,"50":1,"51":1,"52":1,"53":1,"54":1},"b":{"1":[2,1,1,1],"2":[1,1,1,1],"3":[1,1],"4":[1,1],"5":[1,1],"6":[1,1],"7":[1,1],"8":[1,1],"9":[1,1],"10":[1,1,1],"11":[1,1],"12":[1,1],"13":[1,1],"14":[1,1],"15":[1,1],"16":[1,1],"17":[1,1]},"f":{"1":2,"2":2,"3":2,"4":2,"5":2,"6":1,"7":1,"8":1,"9":2,"10":2,"11":2,"12":2,"13":1},"fnMap":{"1":{"name":"(anonymous_1)","line":12,"loc":{"start":{"line":12,"column":1},"end":{"line":12,"column":13}}},"2":{"name":"(anonymous_2)","line":19,"loc":{"start":{"line":19,"column":5},"end":{"line":19,"column":17}}},"3":{"name":"(anonymous_3)","line":23,"loc":{"start":{"line":23,"column":24},"end":{"line":23,"column":36}}},"4":{"name":"(anonymous_4)","line":61,"loc":{"start":{"line":61,"column":5},"end":{"line":61,"column":17}}},"5":{"name":"(anonymous_5)","line":82,"loc":{"start":{"line":82,"column":5},"end":{"line":82,"column":17}}},"6":{"name":"(anonymous_6)","line":91,"loc":{"start":{"line":91,"column":77},"end":{"line":94,"column":10}}},"7":{"name":"(anonymous_7)","line":112,"loc":{"start":{"line":112,"column":83},"end":{"line":115,"column":10}},"skip":true},"8":{"name":"(anonymous_8)","line":123,"loc":{"start":{"line":123,"column":77},"end":{"line":126,"column":10}},"skip":true},"9":{"name":"(anonymous_9)","line":139,"loc":{"start":{"line":139,"column":12},"end":{"line":139,"column":40}},"skip":true},"10":{"name":"(anonymous_10)","line":147,"loc":{"start":{"line":147,"column":77},"end":{"line":150,"column":10}},"skip":true},"11":{"name":"(anonymous_11)","line":158,"loc":{"start":{"line":158,"column":83},"end":{"line":161,"column":10}},"skip":true},"12":{"name":"(anonymous_12)","line":169,"loc":{"start":{"line":169,"column":79},"end":{"line":172,"column":10}},"skip":true},"13":{"name":"(anonymous_13)","line":180,"loc":{"start":{"line":180,"column":75},"end":{"line":183,"column":10}},"skip":true}},"statementMap":{"1":{"start":{"line":12,"column":0},"end":{"line":195,"column":5}},"2":{"start":{"line":14,"column":4},"end":{"line":14,"column":14}},"3":{"start":{"line":19,"column":4},"end":{"line":56,"column":9}},"4":{"start":{"line":21,"column":8},"end":{"line":21,"column":19}},"5":{"start":{"line":23,"column":8},"end":{"line":35,"column":13}},"6":{"start":{"line":24,"column":12},"end":{"line":34,"column":13}},"7":{"start":{"line":25,"column":16},"end":{"line":28,"column":30}},"8":{"start":{"line":30,"column":16},"end":{"line":33,"column":27}},"9":{"start":{"line":37,"column":8},"end":{"line":39,"column":21}},"10":{"start":{"line":40,"column":8},"end":{"line":53,"column":9}},"11":{"start":{"line":43,"column":12},"end":{"line":46,"column":14}},"12":{"start":{"line":47,"column":12},"end":{"line":47,"column":18}},"13":{"start":{"line":50,"column":12},"end":{"line":51,"column":33}},"14":{"start":{"line":52,"column":12},"end":{"line":52,"column":18}},"15":{"start":{"line":55,"column":8},"end":{"line":55,"column":35}},"16":{"start":{"line":61,"column":4},"end":{"line":63,"column":9}},"17":{"start":{"line":62,"column":8},"end":{"line":62,"column":15}},"18":{"start":{"line":64,"column":4},"end":{"line":77,"column":5}},"19":{"start":{"line":70,"column":8},"end":{"line":70,"column":14}},"20":{"start":{"line":76,"column":8},"end":{"line":76,"column":14}},"21":{"start":{"line":82,"column":4},"end":{"line":84,"column":9}},"22":{"start":{"line":83,"column":8},"end":{"line":83,"column":15}},"23":{"start":{"line":85,"column":4},"end":{"line":194,"column":5}},"24":{"start":{"line":91,"column":8},"end":{"line":99,"column":10}},"25":{"start":{"line":98,"column":12},"end":{"line":98,"column":35}},"26":{"start":{"line":102,"column":8},"end":{"line":104,"column":63}},"27":{"start":{"line":105,"column":8},"end":{"line":105,"column":14}},"28":{"start":{"line":112,"column":8},"end":{"line":121,"column":10},"skip":true},"29":{"start":{"line":119,"column":12},"end":{"line":119,"column":55},"skip":true},"30":{"start":{"line":120,"column":12},"end":{"line":120,"column":48},"skip":true},"31":{"start":{"line":123,"column":8},"end":{"line":136,"column":10},"skip":true},"32":{"start":{"line":130,"column":12},"end":{"line":130,"column":76},"skip":true},"33":{"start":{"line":131,"column":12},"end":{"line":131,"column":73},"skip":true},"34":{"start":{"line":132,"column":12},"end":{"line":132,"column":74},"skip":true},"35":{"start":{"line":133,"column":12},"end":{"line":133,"column":79},"skip":true},"36":{"start":{"line":134,"column":12},"end":{"line":134,"column":25},"skip":true},"37":{"start":{"line":135,"column":12},"end":{"line":135,"column":45},"skip":true},"38":{"start":{"line":138,"column":8},"end":{"line":145,"column":14},"skip":true},"39":{"start":{"line":143,"column":16},"end":{"line":143,"column":29},"skip":true},"40":{"start":{"line":144,"column":16},"end":{"line":144,"column":55},"skip":true},"41":{"start":{"line":147,"column":8},"end":{"line":156,"column":10},"skip":true},"42":{"start":{"line":154,"column":12},"end":{"line":154,"column":25},"skip":true},"43":{"start":{"line":155,"column":12},"end":{"line":155,"column":45},"skip":true},"44":{"start":{"line":158,"column":8},"end":{"line":167,"column":10},"skip":true},"45":{"start":{"line":165,"column":12},"end":{"line":165,"column":25},"skip":true},"46":{"start":{"line":166,"column":12},"end":{"line":166,"column":48},"skip":true},"47":{"start":{"line":169,"column":8},"end":{"line":178,"column":10},"skip":true},"48":{"start":{"line":176,"column":12},"end":{"line":176,"column":25},"skip":true},"49":{"start":{"line":177,"column":12},"end":{"line":177,"column":46},"skip":true},"50":{"start":{"line":180,"column":8},"end":{"line":189,"column":10},"skip":true},"51":{"start":{"line":187,"column":12},"end":{"line":187,"column":94},"skip":true},"52":{"start":{"line":188,"column":12},"end":{"line":188,"column":48},"skip":true},"53":{"start":{"line":192,"column":8},"end":{"line":192,"column":35},"skip":true},"54":{"start":{"line":193,"column":8},"end":{"line":193,"column":14},"skip":true}},"branchMap":{"1":{"line":25,"type":"binary-expr","locations":[{"start":{"line":25,"column":23},"end":{"line":25,"column":62}},{"start":{"line":26,"column":20},"end":{"line":26,"column":70}},{"start":{"line":27,"column":20},"end":{"line":27,"column":71}},{"start":{"line":28,"column":20},"end":{"line":28,"column":29}}]},"2":{"line":30,"type":"binary-expr","locations":[{"start":{"line":30,"column":23},"end":{"line":30,"column":37}},{"start":{"line":31,"column":20},"end":{"line":31,"column":61}},{"start":{"line":32,"column":20},"end":{"line":32,"column":70}},{"start":{"line":33,"column":20},"end":{"line":33,"column":26}}]},"3":{"line":37,"type":"cond-expr","locations":[{"start":{"line":38,"column":14},"end":{"line":38,"column":20}},{"start":{"line":39,"column":14},"end":{"line":39,"column":20}}]},"4":{"line":40,"type":"switch","locations":[{"start":{"line":42,"column":8},"end":{"line":47,"column":18}},{"start":{"line":49,"column":8},"end":{"line":52,"column":18}}]},"5":{"line":44,"type":"binary-expr","locations":[{"start":{"line":44,"column":16},"end":{"line":44,"column":44}},{"start":{"line":44,"column":48},"end":{"line":44,"column":66}}]},"6":{"line":50,"type":"binary-expr","locations":[{"start":{"line":50,"column":21},"end":{"line":50,"column":49}},{"start":{"line":50,"column":53},"end":{"line":50,"column":72}}]},"7":{"line":64,"type":"switch","locations":[{"start":{"line":69,"column":4},"end":{"line":70,"column":14}},{"start":{"line":75,"column":4},"end":{"line":76,"column":14}}]},"8":{"line":85,"type":"switch","locations":[{"start":{"line":90,"column":4},"end":{"line":105,"column":14}},{"start":{"line":111,"column":4},"end":{"line":193,"column":14},"skip":true}]},"9":{"line":91,"type":"binary-expr","locations":[{"start":{"line":91,"column":42},"end":{"line":91,"column":73}},{"start":{"line":91,"column":77},"end":{"line":99,"column":9}}]},"10":{"line":102,"type":"binary-expr","locations":[{"start":{"line":102,"column":18},"end":{"line":102,"column":32}},{"start":{"line":103,"column":12},"end":{"line":103,"column":53}},{"start":{"line":104,"column":12},"end":{"line":104,"column":61}}]},"11":{"line":112,"type":"binary-expr","locations":[{"start":{"line":112,"column":45},"end":{"line":112,"column":79},"skip":true},{"start":{"line":112,"column":83},"end":{"line":121,"column":9},"skip":true}]},"12":{"line":123,"type":"binary-expr","locations":[{"start":{"line":123,"column":42},"end":{"line":123,"column":73},"skip":true},{"start":{"line":123,"column":77},"end":{"line":136,"column":9},"skip":true}]},"13":{"line":138,"type":"binary-expr","locations":[{"start":{"line":138,"column":48},"end":{"line":138,"column":85},"skip":true},{"start":{"line":139,"column":12},"end":{"line":145,"column":13},"skip":true}]},"14":{"line":147,"type":"binary-expr","locations":[{"start":{"line":147,"column":42},"end":{"line":147,"column":73},"skip":true},{"start":{"line":147,"column":77},"end":{"line":156,"column":9},"skip":true}]},"15":{"line":158,"type":"binary-expr","locations":[{"start":{"line":158,"column":45},"end":{"line":158,"column":79},"skip":true},{"start":{"line":158,"column":83},"end":{"line":167,"column":9},"skip":true}]},"16":{"line":169,"type":"binary-expr","locations":[{"start":{"line":169,"column":43},"end":{"line":169,"column":75},"skip":true},{"start":{"line":169,"column":79},"end":{"line":178,"column":9},"skip":true}]},"17":{"line":180,"type":"binary-expr","locations":[{"start":{"line":180,"column":41},"end":{"line":180,"column":71},"skip":true},{"start":{"line":180,"column":75},"end":{"line":189,"column":9},"skip":true}]}},"code":["/* istanbul instrument in package npmtest_react_overlays */","/*jslint","    bitwise: true,","    browser: true,","    maxerr: 8,","    maxlen: 96,","    node: true,","    nomen: true,","    regexp: true,","    stupid: true","*/","(function () {","    'use strict';","    var local;","","","","    // run shared js-env code - init-before","    (function () {","        // init local","        local = {};","        // init modeJs","        local.modeJs = (function () {","            try {","                return typeof navigator.userAgent === 'string' &&","                    typeof document.querySelector('body') === 'object' &&","                    typeof XMLHttpRequest.prototype.open === 'function' &&","                    'browser';","            } catch (errorCaughtBrowser) {","                return module.exports &&","                    typeof process.versions.node === 'string' &&","                    typeof require('http').createServer === 'function' &&","                    'node';","            }","        }());","        // init global","        local.global = local.modeJs === 'browser'","            ? window","            : global;","        switch (local.modeJs) {","        // re-init local from window.local","        case 'browser':","            local = local.global.utility2.objectSetDefault(","                local.global.utility2_rollup || local.global.local,","                local.global.utility2","            );","            break;","        // re-init local from example.js","        case 'node':","            local = (local.global.utility2_rollup || require('utility2'))","                .requireReadme();","            break;","        }","        // export local","        local.global.local = local;","    }());","","","","    // run shared js-env code - function","    (function () {","        return;","    }());","    switch (local.modeJs) {","","","","    // run browser js-env code - function","    case 'browser':","        break;","","","","    // run node js-env code - function","    case 'node':","        break;","    }","","","","    // run shared js-env code - init-after","    (function () {","        return;","    }());","    switch (local.modeJs) {","","","","    // run browser js-env code - init-after","    case 'browser':","        local.testCase_browser_nullCase = local.testCase_browser_nullCase || function (","            options,","            onError","        ) {","        /*","         * this function will test browsers's null-case handling-behavior-behavior","         */","            onError(null, options);","        };","","        // run tests","        local.nop(local.modeTest &&","            document.querySelector('#testRunButton1') &&","            document.querySelector('#testRunButton1').click());","        break;","","","","    // run node js-env code - init-after","    /* istanbul ignore next */","    case 'node':","        local.testCase_buildApidoc_default = local.testCase_buildApidoc_default || function (","            options,","            onError","        ) {","        /*","         * this function will test buildApidoc's default handling-behavior-behavior","         */","            options = { modulePathList: module.paths };","            local.buildApidoc(options, onError);","        };","","        local.testCase_buildApp_default = local.testCase_buildApp_default || function (","            options,","            onError","        ) {","        /*","         * this function will test buildApp's default handling-behavior-behavior","         */","            local.testCase_buildReadme_default(options, local.onErrorThrow);","            local.testCase_buildLib_default(options, local.onErrorThrow);","            local.testCase_buildTest_default(options, local.onErrorThrow);","            local.testCase_buildCustomOrg_default(options, local.onErrorThrow);","            options = [];","            local.buildApp(options, onError);","        };","","        local.testCase_buildCustomOrg_default = local.testCase_buildCustomOrg_default ||","            function (options, onError) {","            /*","             * this function will test buildCustomOrg's default handling-behavior","             */","                options = {};","                local.buildCustomOrg(options, onError);","            };","","        local.testCase_buildLib_default = local.testCase_buildLib_default || function (","            options,","            onError","        ) {","        /*","         * this function will test buildLib's default handling-behavior","         */","            options = {};","            local.buildLib(options, onError);","        };","","        local.testCase_buildReadme_default = local.testCase_buildReadme_default || function (","            options,","            onError","        ) {","        /*","         * this function will test buildReadme's default handling-behavior-behavior","         */","            options = {};","            local.buildReadme(options, onError);","        };","","        local.testCase_buildTest_default = local.testCase_buildTest_default || function (","            options,","            onError","        ) {","        /*","         * this function will test buildTest's default handling-behavior","         */","            options = {};","            local.buildTest(options, onError);","        };","","        local.testCase_webpage_default = local.testCase_webpage_default || function (","            options,","            onError","        ) {","        /*","         * this function will test webpage's default handling-behavior","         */","            options = { modeCoverageMerge: true, url: local.serverLocalHost + '?modeTest=1' };","            local.browserTest(options, onError);","        };","","        // run test-server","        local.testRunServer(local);","        break;","    }","}());",""],"l":{"12":2,"14":2,"19":2,"21":2,"23":2,"24":2,"25":2,"30":1,"37":2,"40":2,"43":1,"47":1,"50":1,"52":1,"55":2,"61":2,"62":2,"64":2,"70":1,"76":1,"82":2,"83":2,"85":2,"91":1,"98":1,"102":1,"105":1,"112":1,"119":1,"120":1,"123":1,"130":1,"131":1,"132":1,"133":1,"134":1,"135":1,"138":1,"143":2,"144":2,"147":1,"154":2,"155":2,"158":1,"165":2,"166":2,"169":1,"176":2,"177":2,"180":1,"187":1,"188":1,"192":1,"193":1}},"/home/travis/build/npmtest/node-npmtest-react-overlays/lib.npmtest_react_overlays.js":{"path":"/home/travis/build/npmtest/node-npmtest-react-overlays/lib.npmtest_react_overlays.js","s":{"1":2,"2":2,"3":2,"4":2,"5":2,"6":2,"7":2,"8":1,"9":2,"10":2,"11":2,"12":2,"13":1,"14":1,"15":1,"16":1},"b":{"1":[2,1,1,1],"2":[1,1,1,1],"3":[1,1],"4":[2,2],"5":[1,1]},"f":{"1":2,"2":2,"3":2},"fnMap":{"1":{"name":"(anonymous_1)","line":12,"loc":{"start":{"line":12,"column":1},"end":{"line":12,"column":13}}},"2":{"name":"(anonymous_2)","line":19,"loc":{"start":{"line":19,"column":5},"end":{"line":19,"column":17}}},"3":{"name":"(anonymous_3)","line":23,"loc":{"start":{"line":23,"column":24},"end":{"line":23,"column":36}}}},"statementMap":{"1":{"start":{"line":12,"column":0},"end":{"line":53,"column":5}},"2":{"start":{"line":14,"column":4},"end":{"line":14,"column":14}},"3":{"start":{"line":19,"column":4},"end":{"line":52,"column":9}},"4":{"start":{"line":21,"column":8},"end":{"line":21,"column":19}},"5":{"start":{"line":23,"column":8},"end":{"line":35,"column":13}},"6":{"start":{"line":24,"column":12},"end":{"line":34,"column":13}},"7":{"start":{"line":25,"column":16},"end":{"line":28,"column":30}},"8":{"start":{"line":30,"column":16},"end":{"line":33,"column":27}},"9":{"start":{"line":37,"column":8},"end":{"line":39,"column":21}},"10":{"start":{"line":41,"column":8},"end":{"line":41,"column":54}},"11":{"start":{"line":43,"column":8},"end":{"line":43,"column":59}},"12":{"start":{"line":45,"column":8},"end":{"line":51,"column":9}},"13":{"start":{"line":46,"column":12},"end":{"line":46,"column":65}},"14":{"start":{"line":48,"column":12},"end":{"line":48,"column":35}},"15":{"start":{"line":49,"column":12},"end":{"line":49,"column":49}},"16":{"start":{"line":50,"column":12},"end":{"line":50,"column":43}}},"branchMap":{"1":{"line":25,"type":"binary-expr","locations":[{"start":{"line":25,"column":23},"end":{"line":25,"column":62}},{"start":{"line":26,"column":20},"end":{"line":26,"column":70}},{"start":{"line":27,"column":20},"end":{"line":27,"column":71}},{"start":{"line":28,"column":20},"end":{"line":28,"column":29}}]},"2":{"line":30,"type":"binary-expr","locations":[{"start":{"line":30,"column":23},"end":{"line":30,"column":37}},{"start":{"line":31,"column":20},"end":{"line":31,"column":61}},{"start":{"line":32,"column":20},"end":{"line":32,"column":70}},{"start":{"line":33,"column":20},"end":{"line":33,"column":26}}]},"3":{"line":37,"type":"cond-expr","locations":[{"start":{"line":38,"column":14},"end":{"line":38,"column":20}},{"start":{"line":39,"column":14},"end":{"line":39,"column":20}}]},"4":{"line":41,"type":"binary-expr","locations":[{"start":{"line":41,"column":16},"end":{"line":41,"column":44}},{"start":{"line":41,"column":48},"end":{"line":41,"column":53}}]},"5":{"line":45,"type":"if","locations":[{"start":{"line":45,"column":8},"end":{"line":45,"column":8}},{"start":{"line":45,"column":8},"end":{"line":45,"column":8}}]}},"code":["/* istanbul instrument in package npmtest_react_overlays */","/*jslint","    bitwise: true,","    browser: true,","    maxerr: 8,","    maxlen: 96,","    node: true,","    nomen: true,","    regexp: true,","    stupid: true","*/","(function () {","    'use strict';","    var local;","","","","    // run shared js-env code - init-before","    (function () {","        // init local","        local = {};","        // init modeJs","        local.modeJs = (function () {","            try {","                return typeof navigator.userAgent === 'string' &&","                    typeof document.querySelector('body') === 'object' &&","                    typeof XMLHttpRequest.prototype.open === 'function' &&","                    'browser';","            } catch (errorCaughtBrowser) {","                return module.exports &&","                    typeof process.versions.node === 'string' &&","                    typeof require('http').createServer === 'function' &&","                    'node';","            }","        }());","        // init global","        local.global = local.modeJs === 'browser'","            ? window","            : global;","        // init utility2_rollup","        local = local.global.utility2_rollup || local;","        // init lib","        local.local = local.npmtest_react_overlays = local;","        // init exports","        if (local.modeJs === 'browser') {","            local.global.utility2_npmtest_react_overlays = local;","        } else {","            module.exports = local;","            module.exports.__dirname = __dirname;","            module.exports.module = module;","        }","    }());","}());",""],"l":{"12":2,"14":2,"19":2,"21":2,"23":2,"24":2,"25":2,"30":1,"37":2,"41":2,"43":2,"45":2,"46":1,"48":1,"49":1,"50":1}},"/home/travis/build/npmtest/node-npmtest-react-overlays/example.js":{"path":"/home/travis/build/npmtest/node-npmtest-react-overlays/example.js","s":{"1":2,"2":2,"3":2,"4":2,"5":2,"6":2,"7":2,"8":1,"9":2,"10":2,"11":2,"12":2,"13":1,"14":2,"15":2,"16":2,"17":2,"18":2,"19":0,"20":2,"21":1,"22":1,"23":1,"24":1,"25":1,"26":0,"27":0,"28":1,"29":1,"30":2,"31":0,"32":0,"33":0,"34":1,"35":2,"36":2,"37":3,"38":3,"39":3,"40":3,"41":0,"42":3,"43":3,"44":3,"45":1,"46":3,"47":1,"48":1,"49":1,"50":1,"51":1,"52":1,"53":1,"54":1,"55":1,"56":1,"57":0,"58":1,"59":6,"60":6,"61":1,"62":2,"63":0,"64":2,"65":1,"66":1,"67":0,"68":0,"69":0,"70":0,"71":0,"72":0,"73":0,"74":0,"75":0,"76":0,"77":0,"78":0,"79":0,"80":0,"81":0,"82":0,"83":0},"b":{"1":[2,1,1,1],"2":[1,1,1,1],"3":[1,1],"4":[2,2],"5":[1,1],"6":[1,1],"7":[2,0],"8":[2,1,1,1,1,1],"9":[0,2,0],"10":[1,1],"11":[2,1,1],"12":[1,0],"13":[0,2],"14":[2,0,0,0,0,0,0],"15":[0,3],"16":[3,0],"17":[1,1],"18":[0,1],"19":[1,2,0,2],"20":[1,0],"21":[1,1],"22":[0,0],"23":[0,0],"24":[0,0],"25":[0,0],"26":[0,0],"27":[0,0],"28":[0,0]},"f":{"1":2,"2":2,"3":2,"4":2,"5":2,"6":2,"7":3,"8":3,"9":3,"10":1,"11":6,"12":0},"fnMap":{"1":{"name":"(anonymous_1)","line":26,"loc":{"start":{"line":26,"column":1},"end":{"line":26,"column":13}}},"2":{"name":"(anonymous_2)","line":33,"loc":{"start":{"line":33,"column":5},"end":{"line":33,"column":17}}},"3":{"name":"(anonymous_3)","line":37,"loc":{"start":{"line":37,"column":24},"end":{"line":37,"column":36}}},"4":{"name":"(anonymous_4)","line":69,"loc":{"start":{"line":69,"column":31},"end":{"line":69,"column":48}},"skip":true},"5":{"name":"(anonymous_5)","line":78,"loc":{"start":{"line":78,"column":26},"end":{"line":78,"column":45}},"skip":true},"6":{"name":"(anonymous_6)","line":123,"loc":{"start":{"line":123,"column":33},"end":{"line":123,"column":48}},"skip":true},"7":{"name":"(anonymous_7)","line":125,"loc":{"start":{"line":125,"column":27},"end":{"line":125,"column":39}},"skip":true},"8":{"name":"(anonymous_8)","line":133,"loc":{"start":{"line":133,"column":59},"end":{"line":133,"column":74}},"skip":true},"9":{"name":"(anonymous_9)","line":143,"loc":{"start":{"line":143,"column":45},"end":{"line":143,"column":62}},"skip":true},"10":{"name":"(anonymous_10)","line":144,"loc":{"start":{"line":144,"column":73},"end":{"line":144,"column":92}},"skip":true},"11":{"name":"(anonymous_11)","line":272,"loc":{"start":{"line":272,"column":51},"end":{"line":272,"column":77}},"skip":true},"12":{"name":"(anonymous_12)","line":315,"loc":{"start":{"line":315,"column":32},"end":{"line":315,"column":61}},"skip":true}},"statementMap":{"1":{"start":{"line":26,"column":0},"end":{"line":326,"column":5}},"2":{"start":{"line":28,"column":4},"end":{"line":28,"column":14}},"3":{"start":{"line":33,"column":4},"end":{"line":60,"column":9}},"4":{"start":{"line":35,"column":8},"end":{"line":35,"column":19}},"5":{"start":{"line":37,"column":8},"end":{"line":49,"column":13}},"6":{"start":{"line":38,"column":12},"end":{"line":48,"column":13}},"7":{"start":{"line":39,"column":16},"end":{"line":42,"column":30}},"8":{"start":{"line":44,"column":16},"end":{"line":47,"column":27}},"9":{"start":{"line":51,"column":8},"end":{"line":53,"column":21}},"10":{"start":{"line":55,"column":8},"end":{"line":57,"column":45}},"11":{"start":{"line":59,"column":8},"end":{"line":59,"column":35}},"12":{"start":{"line":61,"column":4},"end":{"line":325,"column":5}},"13":{"start":{"line":69,"column":8},"end":{"line":121,"column":10},"skip":true},"14":{"start":{"line":70,"column":12},"end":{"line":88,"column":13},"skip":true},"15":{"start":{"line":76,"column":16},"end":{"line":87,"column":19},"skip":true},"16":{"start":{"line":79,"column":20},"end":{"line":86,"column":21},"skip":true},"17":{"start":{"line":82,"column":24},"end":{"line":82,"column":43},"skip":true},"18":{"start":{"line":83,"column":24},"end":{"line":83,"column":30},"skip":true},"19":{"start":{"line":85,"column":24},"end":{"line":85,"column":49},"skip":true},"20":{"start":{"line":89,"column":12},"end":{"line":107,"column":13},"skip":true},"21":{"start":{"line":92,"column":16},"end":{"line":102,"column":17},"skip":true},"22":{"start":{"line":93,"column":20},"end":{"line":93,"column":86},"skip":true},"23":{"start":{"line":94,"column":20},"end":{"line":95,"column":45},"skip":true},"24":{"start":{"line":96,"column":20},"end":{"line":96,"column":42},"skip":true},"25":{"start":{"line":97,"column":20},"end":{"line":97,"column":48},"skip":true},"26":{"start":{"line":100,"column":20},"end":{"line":100,"column":85},"skip":true},"27":{"start":{"line":101,"column":20},"end":{"line":101,"column":96},"skip":true},"28":{"start":{"line":103,"column":16},"end":{"line":103,"column":22},"skip":true},"29":{"start":{"line":106,"column":16},"end":{"line":106,"column":22},"skip":true},"30":{"start":{"line":108,"column":12},"end":{"line":120,"column":13},"skip":true},"31":{"start":{"line":114,"column":16},"end":{"line":119,"column":17},"skip":true},"32":{"start":{"line":116,"column":20},"end":{"line":116,"column":78},"skip":true},"33":{"start":{"line":118,"column":20},"end":{"line":118,"column":47},"skip":true},"34":{"start":{"line":123,"column":8},"end":{"line":141,"column":11},"skip":true},"35":{"start":{"line":124,"column":12},"end":{"line":124,"column":54},"skip":true},"36":{"start":{"line":125,"column":12},"end":{"line":140,"column":14},"skip":true},"37":{"start":{"line":126,"column":16},"end":{"line":126,"column":28},"skip":true},"38":{"start":{"line":127,"column":16},"end":{"line":127,"column":69},"skip":true},"39":{"start":{"line":128,"column":16},"end":{"line":128,"column":75},"skip":true},"40":{"start":{"line":129,"column":16},"end":{"line":131,"column":17},"skip":true},"41":{"start":{"line":130,"column":20},"end":{"line":130,"column":27},"skip":true},"42":{"start":{"line":133,"column":16},"end":{"line":137,"column":36},"skip":true},"43":{"start":{"line":134,"column":20},"end":{"line":136,"column":55},"skip":true},"44":{"start":{"line":139,"column":16},"end":{"line":139,"column":57},"skip":true},"45":{"start":{"line":143,"column":8},"end":{"line":147,"column":11},"skip":true},"46":{"start":{"line":144,"column":12},"end":{"line":146,"column":15},"skip":true},"47":{"start":{"line":145,"column":16},"end":{"line":145,"column":70},"skip":true},"48":{"start":{"line":149,"column":8},"end":{"line":149,"column":31},"skip":true},"49":{"start":{"line":150,"column":8},"end":{"line":150,"column":14},"skip":true},"50":{"start":{"line":158,"column":8},"end":{"line":158,"column":31},"skip":true},"51":{"start":{"line":160,"column":8},"end":{"line":160,"column":33},"skip":true},"52":{"start":{"line":161,"column":8},"end":{"line":161,"column":37},"skip":true},"53":{"start":{"line":162,"column":8},"end":{"line":162,"column":35},"skip":true},"54":{"start":{"line":164,"column":8},"end":{"line":164,"column":50},"skip":true},"55":{"start":{"line":166,"column":8},"end":{"line":256,"column":2},"skip":true},"56":{"start":{"line":258,"column":8},"end":{"line":286,"column":9},"skip":true},"57":{"start":{"line":259,"column":12},"end":{"line":269,"column":14},"skip":true},"58":{"start":{"line":271,"column":12},"end":{"line":285,"column":19},"skip":true},"59":{"start":{"line":274,"column":20},"end":{"line":274,"column":35},"skip":true},"60":{"start":{"line":275,"column":20},"end":{"line":284,"column":21},"skip":true},"61":{"start":{"line":277,"column":24},"end":{"line":277,"column":64},"skip":true},"62":{"start":{"line":279,"column":24},"end":{"line":279,"column":40},"skip":true},"63":{"start":{"line":281,"column":24},"end":{"line":281,"column":40},"skip":true},"64":{"start":{"line":283,"column":24},"end":{"line":283,"column":39},"skip":true},"65":{"start":{"line":288,"column":8},"end":{"line":290,"column":9},"skip":true},"66":{"start":{"line":289,"column":12},"end":{"line":289,"column":18},"skip":true},"67":{"start":{"line":291,"column":8},"end":{"line":293,"column":54},"skip":true},"68":{"start":{"line":296,"column":8},"end":{"line":301,"column":37},"skip":true},"69":{"start":{"line":303,"column":8},"end":{"line":303,"column":82},"skip":true},"70":{"start":{"line":306,"column":8},"end":{"line":308,"column":9},"skip":true},"71":{"start":{"line":307,"column":12},"end":{"line":307,"column":82},"skip":true},"72":{"start":{"line":310,"column":8},"end":{"line":312,"column":9},"skip":true},"73":{"start":{"line":311,"column":12},"end":{"line":311,"column":18},"skip":true},"74":{"start":{"line":313,"column":8},"end":{"line":313,"column":54},"skip":true},"75":{"start":{"line":314,"column":8},"end":{"line":314,"column":69},"skip":true},"76":{"start":{"line":315,"column":8},"end":{"line":323,"column":36},"skip":true},"77":{"start":{"line":316,"column":12},"end":{"line":316,"column":61},"skip":true},"78":{"start":{"line":317,"column":12},"end":{"line":320,"column":13},"skip":true},"79":{"start":{"line":318,"column":16},"end":{"line":318,"column":75},"skip":true},"80":{"start":{"line":319,"column":16},"end":{"line":319,"column":23},"skip":true},"81":{"start":{"line":321,"column":12},"end":{"line":321,"column":38},"skip":true},"82":{"start":{"line":322,"column":12},"end":{"line":322,"column":27},"skip":true},"83":{"start":{"line":324,"column":8},"end":{"line":324,"column":14},"skip":true}},"branchMap":{"1":{"line":39,"type":"binary-expr","locations":[{"start":{"line":39,"column":23},"end":{"line":39,"column":62}},{"start":{"line":40,"column":20},"end":{"line":40,"column":70}},{"start":{"line":41,"column":20},"end":{"line":41,"column":71}},{"start":{"line":42,"column":20},"end":{"line":42,"column":29}}]},"2":{"line":44,"type":"binary-expr","locations":[{"start":{"line":44,"column":23},"end":{"line":44,"column":37}},{"start":{"line":45,"column":20},"end":{"line":45,"column":61}},{"start":{"line":46,"column":20},"end":{"line":46,"column":70}},{"start":{"line":47,"column":20},"end":{"line":47,"column":26}}]},"3":{"line":51,"type":"cond-expr","locations":[{"start":{"line":52,"column":14},"end":{"line":52,"column":20}},{"start":{"line":53,"column":14},"end":{"line":53,"column":20}}]},"4":{"line":55,"type":"binary-expr","locations":[{"start":{"line":55,"column":16},"end":{"line":55,"column":44}},{"start":{"line":55,"column":49},"end":{"line":57,"column":43}}]},"5":{"line":55,"type":"cond-expr","locations":[{"start":{"line":56,"column":14},"end":{"line":56,"column":58}},{"start":{"line":57,"column":14},"end":{"line":57,"column":43}}]},"6":{"line":61,"type":"switch","locations":[{"start":{"line":68,"column":4},"end":{"line":150,"column":14},"skip":true},{"start":{"line":156,"column":4},"end":{"line":324,"column":14},"skip":true}]},"7":{"line":70,"type":"if","locations":[{"start":{"line":70,"column":12},"end":{"line":70,"column":12},"skip":true},{"start":{"line":70,"column":12},"end":{"line":70,"column":12},"skip":true}]},"8":{"line":70,"type":"binary-expr","locations":[{"start":{"line":70,"column":16},"end":{"line":70,"column":22},"skip":true},{"start":{"line":70,"column":27},"end":{"line":70,"column":32},"skip":true},{"start":{"line":71,"column":20},"end":{"line":71,"column":39},"skip":true},{"start":{"line":72,"column":20},"end":{"line":72,"column":49},"skip":true},{"start":{"line":73,"column":20},"end":{"line":73,"column":58},"skip":true},{"start":{"line":74,"column":20},"end":{"line":74,"column":69},"skip":true}]},"9":{"line":79,"type":"switch","locations":[{"start":{"line":80,"column":20},"end":{"line":80,"column":33},"skip":true},{"start":{"line":81,"column":20},"end":{"line":83,"column":30},"skip":true},{"start":{"line":84,"column":20},"end":{"line":85,"column":49},"skip":true}]},"10":{"line":89,"type":"switch","locations":[{"start":{"line":90,"column":12},"end":{"line":103,"column":22},"skip":true},{"start":{"line":105,"column":12},"end":{"line":106,"column":22},"skip":true}]},"11":{"line":89,"type":"binary-expr","locations":[{"start":{"line":89,"column":20},"end":{"line":89,"column":25},"skip":true},{"start":{"line":89,"column":29},"end":{"line":89,"column":48},"skip":true},{"start":{"line":89,"column":52},"end":{"line":89,"column":74},"skip":true}]},"12":{"line":92,"type":"if","locations":[{"start":{"line":92,"column":16},"end":{"line":92,"column":16},"skip":true},{"start":{"line":92,"column":16},"end":{"line":92,"column":16},"skip":true}]},"13":{"line":108,"type":"if","locations":[{"start":{"line":108,"column":12},"end":{"line":108,"column":12},"skip":true},{"start":{"line":108,"column":12},"end":{"line":108,"column":12},"skip":true}]},"14":{"line":108,"type":"binary-expr","locations":[{"start":{"line":108,"column":16},"end":{"line":108,"column":61},"skip":true},{"start":{"line":108,"column":66},"end":{"line":108,"column":72},"skip":true},{"start":{"line":108,"column":77},"end":{"line":108,"column":82},"skip":true},{"start":{"line":109,"column":20},"end":{"line":109,"column":39},"skip":true},{"start":{"line":110,"column":20},"end":{"line":110,"column":49},"skip":true},{"start":{"line":111,"column":20},"end":{"line":111,"column":58},"skip":true},{"start":{"line":112,"column":20},"end":{"line":112,"column":68},"skip":true}]},"15":{"line":129,"type":"if","locations":[{"start":{"line":129,"column":16},"end":{"line":129,"column":16},"skip":true},{"start":{"line":129,"column":16},"end":{"line":129,"column":16},"skip":true}]},"16":{"line":134,"type":"cond-expr","locations":[{"start":{"line":135,"column":26},"end":{"line":135,"column":29},"skip":true},{"start":{"line":136,"column":26},"end":{"line":136,"column":54},"skip":true}]},"17":{"line":164,"type":"binary-expr","locations":[{"start":{"line":164,"column":27},"end":{"line":164,"column":43},"skip":true},{"start":{"line":164,"column":47},"end":{"line":164,"column":49},"skip":true}]},"18":{"line":258,"type":"if","locations":[{"start":{"line":258,"column":8},"end":{"line":258,"column":8},"skip":true},{"start":{"line":258,"column":8},"end":{"line":258,"column":8},"skip":true}]},"19":{"line":275,"type":"switch","locations":[{"start":{"line":276,"column":20},"end":{"line":277,"column":64},"skip":true},{"start":{"line":278,"column":20},"end":{"line":279,"column":40},"skip":true},{"start":{"line":280,"column":20},"end":{"line":281,"column":40},"skip":true},{"start":{"line":282,"column":20},"end":{"line":283,"column":39},"skip":true}]},"20":{"line":288,"type":"if","locations":[{"start":{"line":288,"column":8},"end":{"line":288,"column":8},"skip":true},{"start":{"line":288,"column":8},"end":{"line":288,"column":8},"skip":true}]},"21":{"line":288,"type":"binary-expr","locations":[{"start":{"line":288,"column":12},"end":{"line":288,"column":40},"skip":true},{"start":{"line":288,"column":44},"end":{"line":288,"column":67},"skip":true}]},"22":{"line":292,"type":"binary-expr","locations":[{"start":{"line":292,"column":12},"end":{"line":292,"column":50},"skip":true},{"start":{"line":293,"column":12},"end":{"line":293,"column":53},"skip":true}]},"23":{"line":297,"type":"binary-expr","locations":[{"start":{"line":297,"column":12},"end":{"line":297,"column":72},"skip":true},{"start":{"line":298,"column":12},"end":{"line":301,"column":36},"skip":true}]},"24":{"line":303,"type":"binary-expr","locations":[{"start":{"line":303,"column":43},"end":{"line":303,"column":75},"skip":true},{"start":{"line":303,"column":79},"end":{"line":303,"column":81},"skip":true}]},"25":{"line":306,"type":"if","locations":[{"start":{"line":306,"column":8},"end":{"line":306,"column":8},"skip":true},{"start":{"line":306,"column":8},"end":{"line":306,"column":8},"skip":true}]},"26":{"line":310,"type":"if","locations":[{"start":{"line":310,"column":8},"end":{"line":310,"column":8},"skip":true},{"start":{"line":310,"column":8},"end":{"line":310,"column":8},"skip":true}]},"27":{"line":313,"type":"binary-expr","locations":[{"start":{"line":313,"column":27},"end":{"line":313,"column":43},"skip":true},{"start":{"line":313,"column":47},"end":{"line":313,"column":53},"skip":true}]},"28":{"line":317,"type":"if","locations":[{"start":{"line":317,"column":12},"end":{"line":317,"column":12},"skip":true},{"start":{"line":317,"column":12},"end":{"line":317,"column":12},"skip":true}]}},"code":["/*","example.js","","quickstart example","","instruction","    1. save this script as example.js","    2. run the shell command:","        $ npm install npmtest-react-overlays && PORT=8081 node example.js","    3. play with the browser-demo on http://127.0.0.1:8081","*/","","","","/* istanbul instrument in package npmtest_react_overlays */","/*jslint","    bitwise: true,","    browser: true,","    maxerr: 8,","    maxlen: 96,","    node: true,","    nomen: true,","    regexp: true,","    stupid: true","*/","(function () {","    'use strict';","    var local;","","","","    // run shared js-env code - init-before","    (function () {","        // init local","        local = {};","        // init modeJs","        local.modeJs = (function () {","            try {","                return typeof navigator.userAgent === 'string' &&","                    typeof document.querySelector('body') === 'object' &&","                    typeof XMLHttpRequest.prototype.open === 'function' &&","                    'browser';","            } catch (errorCaughtBrowser) {","                return module.exports &&","                    typeof process.versions.node === 'string' &&","                    typeof require('http').createServer === 'function' &&","                    'node';","            }","        }());","        // init global","        local.global = local.modeJs === 'browser'","            ? window","            : global;","        // init utility2_rollup","        local = local.global.utility2_rollup || (local.modeJs === 'browser'","            ? local.global.utility2_npmtest_react_overlays","            : global.utility2_moduleExports);","        // export local","        local.global.local = local;","    }());","    switch (local.modeJs) {","","","","    // init-after","    // run browser js-env code - init-after","    /* istanbul ignore next */","    case 'browser':","        local.testRunBrowser = function (event) {","            if (!event || (event &&","                    event.currentTarget &&","                    event.currentTarget.className &&","                    event.currentTarget.className.includes &&","                    event.currentTarget.className.includes('onreset'))) {","                // reset output","                Array.from(","                    document.querySelectorAll('body > .resettable')","                ).forEach(function (element) {","                    switch (element.tagName) {","                    case 'INPUT':","                    case 'TEXTAREA':","                        element.value = '';","                        break;","                    default:","                        element.textContent = '';","                    }","                });","            }","            switch (event && event.currentTarget && event.currentTarget.id) {","            case 'testRunButton1':","                // show tests","                if (document.querySelector('#testReportDiv1').style.display === 'none') {","                    document.querySelector('#testReportDiv1').style.display = 'block';","                    document.querySelector('#testRunButton1').textContent =","                        'hide internal test';","                    local.modeTest = true;","                    local.testRunDefault(local);","                // hide tests","                } else {","                    document.querySelector('#testReportDiv1').style.display = 'none';","                    document.querySelector('#testRunButton1').textContent = 'run internal test';","                }","                break;","            // custom-case","            default:","                break;","            }","            if (document.querySelector('#inputTextareaEval1') && (!event || (event &&","                    event.currentTarget &&","                    event.currentTarget.className &&","                    event.currentTarget.className.includes &&","                    event.currentTarget.className.includes('oneval')))) {","                // try to eval input-code","                try {","                    /*jslint evil: true*/","                    eval(document.querySelector('#inputTextareaEval1').value);","                } catch (errorCaught) {","                    console.error(errorCaught);","                }","            }","        };","        // log stderr and stdout to #outputTextareaStdout1","        ['error', 'log'].forEach(function (key) {","            console[key + '_original'] = console[key];","            console[key] = function () {","                var element;","                console[key + '_original'].apply(console, arguments);","                element = document.querySelector('#outputTextareaStdout1');","                if (!element) {","                    return;","                }","                // append text to #outputTextareaStdout1","                element.value += Array.from(arguments).map(function (arg) {","                    return typeof arg === 'string'","                        ? arg","                        : JSON.stringify(arg, null, 4);","                }).join(' ') + '\\n';","                // scroll textarea to bottom","                element.scrollTop = element.scrollHeight;","            };","        });","        // init event-handling","        ['change', 'click', 'keyup'].forEach(function (event) {","            Array.from(document.querySelectorAll('.on' + event)).forEach(function (element) {","                element.addEventListener(event, local.testRunBrowser);","            });","        });","        // run tests","        local.testRunBrowser();","        break;","","","","    // run node js-env code - init-after","    /* istanbul ignore next */","    case 'node':","        // export local","        module.exports = local;","        // require modules","        local.fs = require('fs');","        local.http = require('http');","        local.url = require('url');","        // init assets","        local.assetsDict = local.assetsDict || {};","        /* jslint-ignore-begin */","        local.assetsDict['/assets.index.template.html'] = '\\","<!doctype html>\\n\\","<html lang=\"en\">\\n\\","<head>\\n\\","<meta charset=\"UTF-8\">\\n\\","<meta name=\"viewport\" content=\"width=device-width, initial-scale=1\">\\n\\","<title>{{env.npm_package_name}} (v{{env.npm_package_version}})</title>\\n\\","<style>\\n\\","/*csslint\\n\\","    box-sizing: false,\\n\\","    universal-selector: false\\n\\","*/\\n\\","* {\\n\\","    box-sizing: border-box;\\n\\","}\\n\\","body {\\n\\","    background: #dde;\\n\\","    font-family: Arial, Helvetica, sans-serif;\\n\\","    margin: 2rem;\\n\\","}\\n\\","body > * {\\n\\","    margin-bottom: 1rem;\\n\\","}\\n\\",".utility2FooterDiv {\\n\\","    margin-top: 20px;\\n\\","    text-align: center;\\n\\","}\\n\\","</style>\\n\\","<style>\\n\\","/*csslint\\n\\","*/\\n\\","textarea {\\n\\","    font-family: monospace;\\n\\","    height: 10rem;\\n\\","    width: 100%;\\n\\","}\\n\\","textarea[readonly] {\\n\\","    background: #ddd;\\n\\","}\\n\\","</style>\\n\\","</head>\\n\\","<body>\\n\\","<!-- utility2-comment\\n\\","<div id=\"ajaxProgressDiv1\" style=\"background: #d00; height: 2px; left: 0; margin: 0; padding: 0; position: fixed; top: 0; transition: background 0.5s, width 1.5s; width: 25%;\"></div>\\n\\","utility2-comment -->\\n\\","<h1>\\n\\","<!-- utility2-comment\\n\\","    <a\\n\\","        {{#if env.npm_package_homepage}}\\n\\","        href=\"{{env.npm_package_homepage}}\"\\n\\","        {{/if env.npm_package_homepage}}\\n\\","        target=\"_blank\"\\n\\","    >\\n\\","utility2-comment -->\\n\\","        {{env.npm_package_name}} (v{{env.npm_package_version}})\\n\\","<!-- utility2-comment\\n\\","    </a>\\n\\","utility2-comment -->\\n\\","</h1>\\n\\","<h3>{{env.npm_package_description}}</h3>\\n\\","<!-- utility2-comment\\n\\","<h4><a download href=\"assets.app.js\">download standalone app</a></h4>\\n\\","<button class=\"onclick onreset\" id=\"testRunButton1\">run internal test</button><br>\\n\\","<div id=\"testReportDiv1\" style=\"display: none;\"></div>\\n\\","utility2-comment -->\\n\\","\\n\\","\\n\\","\\n\\","<label>stderr and stdout</label>\\n\\","<textarea class=\"resettable\" id=\"outputTextareaStdout1\" readonly></textarea>\\n\\","<!-- utility2-comment\\n\\","{{#if isRollup}}\\n\\","<script src=\"assets.app.js\"></script>\\n\\","{{#unless isRollup}}\\n\\","utility2-comment -->\\n\\","<script src=\"assets.utility2.rollup.js\"></script>\\n\\","<script src=\"jsonp.utility2._stateInit?callback=window.utility2._stateInit\"></script>\\n\\","<script src=\"assets.npmtest_react_overlays.rollup.js\"></script>\\n\\","<script src=\"assets.example.js\"></script>\\n\\","<script src=\"assets.test.js\"></script>\\n\\","<!-- utility2-comment\\n\\","{{/if isRollup}}\\n\\","utility2-comment -->\\n\\","<div class=\"utility2FooterDiv\">\\n\\","    [ this app was created with\\n\\","    <a href=\"https://github.com/kaizhu256/node-utility2\" target=\"_blank\">utility2</a>\\n\\","    ]\\n\\","</div>\\n\\","</body>\\n\\","</html>\\n\\","';","        /* jslint-ignore-end */","        if (local.templateRender) {","            local.assetsDict['/'] = local.templateRender(","                local.assetsDict['/assets.index.template.html'],","                {","                    env: local.objectSetDefault(local.env, {","                        npm_package_description: 'the greatest app in the world!',","                        npm_package_name: 'my-app',","                        npm_package_nameAlias: 'my_app',","                        npm_package_version: '0.0.1'","                    })","                }","            );","        } else {","            local.assetsDict['/'] = local.assetsDict['/assets.index.template.html']","                .replace((/\\{\\{env\\.(\\w+?)\\}\\}/g), function (match0, match1) {","                    // jslint-hack","                    String(match0);","                    switch (match1) {","                    case 'npm_package_description':","                        return 'the greatest app in the world!';","                    case 'npm_package_name':","                        return 'my-app';","                    case 'npm_package_nameAlias':","                        return 'my_app';","                    case 'npm_package_version':","                        return '0.0.1';","                    }","                });","        }","        // run the cli","        if (local.global.utility2_rollup || module !== require.main) {","            break;","        }","        local.assetsDict['/assets.example.js'] =","            local.assetsDict['/assets.example.js'] ||","            local.fs.readFileSync(__filename, 'utf8');","        // bug-workaround - long $npm_package_buildCustomOrg","        /* jslint-ignore-begin */","        local.assetsDict['/assets.npmtest_react_overlays.rollup.js'] =","            local.assetsDict['/assets.npmtest_react_overlays.rollup.js'] ||","            local.fs.readFileSync(","                local.npmtest_react_overlays.__dirname + '/lib.npmtest_react_overlays.js',","                'utf8'","            ).replace((/^#!/), '//');","        /* jslint-ignore-end */","        local.assetsDict['/favicon.ico'] = local.assetsDict['/favicon.ico'] || '';","        // if $npm_config_timeout_exit exists,","        // then exit this process after $npm_config_timeout_exit ms","        if (Number(process.env.npm_config_timeout_exit)) {","            setTimeout(process.exit, Number(process.env.npm_config_timeout_exit));","        }","        // start server","        if (local.global.utility2_serverHttp1) {","            break;","        }","        process.env.PORT = process.env.PORT || '8081';","        console.error('server starting on port ' + process.env.PORT);","        local.http.createServer(function (request, response) {","            request.urlParsed = local.url.parse(request.url);","            if (local.assetsDict[request.urlParsed.pathname] !== undefined) {","                response.end(local.assetsDict[request.urlParsed.pathname]);","                return;","            }","            response.statusCode = 404;","            response.end();","        }).listen(process.env.PORT);","        break;","    }","}());",""],"l":{"26":2,"28":2,"33":2,"35":2,"37":2,"38":2,"39":2,"44":1,"51":2,"55":2,"59":2,"61":2,"69":1,"70":2,"76":2,"79":2,"82":2,"83":2,"85":1,"89":2,"92":1,"93":1,"94":1,"96":1,"97":1,"100":1,"101":1,"103":1,"106":1,"108":2,"114":1,"116":1,"118":1,"123":1,"124":2,"125":2,"126":3,"127":3,"128":3,"129":3,"130":1,"133":3,"134":3,"139":3,"143":1,"144":3,"145":1,"149":1,"150":1,"158":1,"160":1,"161":1,"162":1,"164":1,"166":1,"258":1,"259":1,"271":1,"274":6,"275":6,"277":1,"279":2,"281":1,"283":2,"288":1,"289":1,"291":1,"296":1,"303":1,"306":1,"307":1,"310":1,"311":1,"313":1,"314":1,"315":1,"316":1,"317":1,"318":1,"319":1,"321":1,"322":1,"324":1}},"/home/travis/build/npmtest/node-npmtest-react-overlays/node_modules/react-overlays/lib/index.js":{"path":"/home/travis/build/npmtest/node-npmtest-react-overlays/node_modules/react-overlays/lib/index.js","s":{"1":1,"2":1,"3":1,"4":1,"5":1,"6":1,"7":1,"8":1,"9":1,"10":1,"11":1,"12":1,"13":1,"14":1,"15":1,"16":1,"17":1,"18":1,"19":1,"20":8,"21":1,"22":1,"23":1,"24":1,"25":1,"26":1,"27":1,"28":1},"b":{"1":[1,7],"2":[8,8]},"f":{"1":8},"fnMap":{"1":{"name":"_interopRequireDefault","line":40,"loc":{"start":{"line":40,"column":0},"end":{"line":40,"column":37}}}},"statementMap":{"1":{"start":{"line":3,"column":0},"end":{"line":5,"column":3}},"2":{"start":{"line":6,"column":0},"end":{"line":6,"column":164}},"3":{"start":{"line":8,"column":0},"end":{"line":8,"column":33}},"4":{"start":{"line":10,"column":0},"end":{"line":10,"column":46}},"5":{"start":{"line":12,"column":0},"end":{"line":12,"column":41}},"6":{"start":{"line":14,"column":0},"end":{"line":14,"column":54}},"7":{"start":{"line":16,"column":0},"end":{"line":16,"column":33}},"8":{"start":{"line":18,"column":0},"end":{"line":18,"column":46}},"9":{"start":{"line":20,"column":0},"end":{"line":20,"column":37}},"10":{"start":{"line":22,"column":0},"end":{"line":22,"column":50}},"11":{"start":{"line":24,"column":0},"end":{"line":24,"column":35}},"12":{"start":{"line":26,"column":0},"end":{"line":26,"column":48}},"13":{"start":{"line":28,"column":0},"end":{"line":28,"column":39}},"14":{"start":{"line":30,"column":0},"end":{"line":30,"column":52}},"15":{"start":{"line":32,"column":0},"end":{"line":32,"column":43}},"16":{"start":{"line":34,"column":0},"end":{"line":34,"column":56}},"17":{"start":{"line":36,"column":0},"end":{"line":36,"column":55}},"18":{"start":{"line":38,"column":0},"end":{"line":38,"column":68}},"19":{"start":{"line":40,"column":0},"end":{"line":40,"column":95}},"20":{"start":{"line":40,"column":39},"end":{"line":40,"column":93}},"21":{"start":{"line":42,"column":0},"end":{"line":42,"column":32}},"22":{"start":{"line":43,"column":0},"end":{"line":43,"column":40}},"23":{"start":{"line":44,"column":0},"end":{"line":44,"column":32}},"24":{"start":{"line":45,"column":0},"end":{"line":45,"column":36}},"25":{"start":{"line":46,"column":0},"end":{"line":46,"column":34}},"26":{"start":{"line":47,"column":0},"end":{"line":47,"column":38}},"27":{"start":{"line":48,"column":0},"end":{"line":48,"column":42}},"28":{"start":{"line":49,"column":0},"end":{"line":49,"column":54}}},"branchMap":{"1":{"line":40,"type":"cond-expr","locations":[{"start":{"line":40,"column":70},"end":{"line":40,"column":73}},{"start":{"line":40,"column":76},"end":{"line":40,"column":92}}]},"2":{"line":40,"type":"binary-expr","locations":[{"start":{"line":40,"column":46},"end":{"line":40,"column":49}},{"start":{"line":40,"column":53},"end":{"line":40,"column":67}}]}},"code":["'use strict';","","Object.defineProperty(exports, \"__esModule\", {","  value: true","});","exports.RootCloseWrapper = exports.Transition = exports.Position = exports.Portal = exports.Overlay = exports.Modal = exports.AutoAffix = exports.Affix = undefined;","","var _Affix2 = require('./Affix');","","var _Affix3 = _interopRequireDefault(_Affix2);","","var _AutoAffix2 = require('./AutoAffix');","","var _AutoAffix3 = _interopRequireDefault(_AutoAffix2);","","var _Modal2 = require('./Modal');","","var _Modal3 = _interopRequireDefault(_Modal2);","","var _Overlay2 = require('./Overlay');","","var _Overlay3 = _interopRequireDefault(_Overlay2);","","var _Portal2 = require('./Portal');","","var _Portal3 = _interopRequireDefault(_Portal2);","","var _Position2 = require('./Position');","","var _Position3 = _interopRequireDefault(_Position2);","","var _Transition2 = require('./Transition');","","var _Transition3 = _interopRequireDefault(_Transition2);","","var _RootCloseWrapper2 = require('./RootCloseWrapper');","","var _RootCloseWrapper3 = _interopRequireDefault(_RootCloseWrapper2);","","function _interopRequireDefault(obj) { return obj && obj.__esModule ? obj : { default: obj }; }","","exports.Affix = _Affix3.default;","exports.AutoAffix = _AutoAffix3.default;","exports.Modal = _Modal3.default;","exports.Overlay = _Overlay3.default;","exports.Portal = _Portal3.default;","exports.Position = _Position3.default;","exports.Transition = _Transition3.default;","exports.RootCloseWrapper = _RootCloseWrapper3.default;"],"l":{"3":1,"6":1,"8":1,"10":1,"12":1,"14":1,"16":1,"18":1,"20":1,"22":1,"24":1,"26":1,"28":1,"30":1,"32":1,"34":1,"36":1,"38":1,"40":8,"42":1,"43":1,"44":1,"45":1,"46":1,"47":1,"48":1,"49":1}},"/home/travis/build/npmtest/node-npmtest-react-overlays/node_modules/react-overlays/lib/Affix.js":{"path":"/home/travis/build/npmtest/node-npmtest-react-overlays/node_modules/react-overlays/lib/Affix.js","s":{"1":1,"2":1,"3":0,"4":0,"5":0,"6":0,"7":0,"8":0,"9":1,"10":1,"11":1,"12":5,"13":5,"14":5,"15":5,"16":5,"17":5,"18":1,"19":1,"20":1,"21":1,"22":0,"23":1,"24":1,"25":1,"26":1,"27":1,"28":1,"29":1,"30":1,"31":1,"32":1,"33":1,"34":1,"35":1,"36":1,"37":1,"38":1,"39":1,"40":1,"41":1,"42":1,"43":1,"44":1,"45":1,"46":1,"47":1,"48":1,"49":1,"50":1,"51":13,"52":1,"53":0,"54":0,"55":1,"56":0,"57":0,"58":0,"59":1,"60":1,"61":0,"62":1,"63":1,"64":1,"65":1,"66":1,"67":1,"68":0,"69":0,"70":0,"71":0,"72":0,"73":0,"74":0,"75":0,"76":0,"77":0,"78":0,"79":0,"80":0,"81":0,"82":0,"83":0,"84":0,"85":0,"86":0,"87":0,"88":0,"89":0,"90":0,"91":0,"92":0,"93":0,"94":0,"95":0,"96":0,"97":0,"98":0,"99":0,"100":0,"101":0,"102":0,"103":0,"104":0,"105":0,"106":0,"107":0,"108":0,"109":0,"110":0,"111":0,"112":0,"113":0,"114":0,"115":0,"116":1,"117":0,"118":0,"119":0,"120":0,"121":0,"122":0,"123":0,"124":0,"125":0,"126":0,"127":0,"128":0,"129":0,"130":0,"131":0,"132":0,"133":0,"134":0,"135":0,"136":0,"137":0,"138":0,"139":0,"140":0,"141":0,"142":0,"143":0,"144":0,"145":0,"146":0,"147":0,"148":0,"149":0,"150":0,"151":0,"152":0,"153":1,"154":1,"155":1,"156":1,"157":1},"b":{"1":[1,0],"2":[0,0],"3":[5,5],"4":[5,0],"5":[1,0],"6":[0,1],"7":[0,13],"8":[13,13],"9":[0,0],"10":[0,0],"11":[0,0],"12":[0,0,0],"13":[0,1],"14":[1,0],"15":[1,1],"16":[1,0],"17":[1,0],"18":[0,0],"19":[0,0],"20":[0,0],"21":[0,0],"22":[0,0],"23":[0,0],"24":[0,0],"25":[0,0],"26":[0,0,0],"27":[0,0],"28":[0,0],"29":[0,0],"30":[0,0],"31":[0,0],"32":[0,0],"33":[0,0],"34":[0,0]},"f":{"1":0,"2":1,"3":1,"4":1,"5":13,"6":0,"7":0,"8":1,"9":1,"10":0,"11":0,"12":0,"13":0,"14":0,"15":0,"16":0,"17":0,"18":0,"19":0,"20":0,"21":0,"22":0,"23":0,"24":0,"25":0,"26":0},"fnMap":{"1":{"name":"(anonymous_1)","line":7,"loc":{"start":{"line":7,"column":32},"end":{"line":7,"column":50}}},"2":{"name":"(anonymous_2)","line":9,"loc":{"start":{"line":9,"column":19},"end":{"line":9,"column":31}}},"3":{"name":"defineProperties","line":9,"loc":{"start":{"line":9,"column":33},"end":{"line":9,"column":74}}},"4":{"name":"(anonymous_4)","line":9,"loc":{"start":{"line":9,"column":357},"end":{"line":9,"column":405}}},"5":{"name":"_interopRequireDefault","line":63,"loc":{"start":{"line":63,"column":0},"end":{"line":63,"column":37}}},"6":{"name":"_classCallCheck","line":65,"loc":{"start":{"line":65,"column":0},"end":{"line":65,"column":48}}},"7":{"name":"_possibleConstructorReturn","line":67,"loc":{"start":{"line":67,"column":0},"end":{"line":67,"column":48}}},"8":{"name":"_inherits","line":69,"loc":{"start":{"line":69,"column":0},"end":{"line":69,"column":41}}},"9":{"name":"(anonymous_9)","line":75,"loc":{"start":{"line":75,"column":12},"end":{"line":75,"column":40}}},"10":{"name":"Affix","line":78,"loc":{"start":{"line":78,"column":2},"end":{"line":78,"column":33}}},"11":{"name":"(anonymous_11)","line":83,"loc":{"start":{"line":83,"column":27},"end":{"line":83,"column":39}}},"12":{"name":"(anonymous_12)","line":87,"loc":{"start":{"line":87,"column":28},"end":{"line":87,"column":40}}},"13":{"name":"(anonymous_13)","line":88,"loc":{"start":{"line":88,"column":43},"end":{"line":88,"column":55}}},"14":{"name":"(anonymous_14)","line":93,"loc":{"start":{"line":93,"column":21},"end":{"line":93,"column":33}}},"15":{"name":"(anonymous_15)","line":121,"loc":{"start":{"line":121,"column":13},"end":{"line":121,"column":25}}},"16":{"name":"(anonymous_16)","line":135,"loc":{"start":{"line":135,"column":30},"end":{"line":135,"column":42}}},"17":{"name":"(anonymous_17)","line":142,"loc":{"start":{"line":142,"column":24},"end":{"line":142,"column":58}}},"18":{"name":"(anonymous_18)","line":153,"loc":{"start":{"line":153,"column":73},"end":{"line":153,"column":85}}},"19":{"name":"(anonymous_19)","line":160,"loc":{"start":{"line":160,"column":32},"end":{"line":160,"column":44}}},"20":{"name":"componentDidMount","line":180,"loc":{"start":{"line":180,"column":11},"end":{"line":180,"column":40}}},"21":{"name":"(anonymous_21)","line":185,"loc":{"start":{"line":185,"column":111},"end":{"line":185,"column":123}}},"22":{"name":"(anonymous_22)","line":188,"loc":{"start":{"line":188,"column":113},"end":{"line":188,"column":125}}},"23":{"name":"componentWillReceiveProps","line":196,"loc":{"start":{"line":196,"column":11},"end":{"line":196,"column":48}}},"24":{"name":"componentDidUpdate","line":201,"loc":{"start":{"line":201,"column":11},"end":{"line":201,"column":41}}},"25":{"name":"componentWillUnmount","line":209,"loc":{"start":{"line":209,"column":11},"end":{"line":209,"column":43}}},"26":{"name":"render","line":221,"loc":{"start":{"line":221,"column":11},"end":{"line":221,"column":29}}}},"statementMap":{"1":{"start":{"line":3,"column":0},"end":{"line":5,"column":3}},"2":{"start":{"line":7,"column":0},"end":{"line":7,"column":257}},"3":{"start":{"line":7,"column":52},"end":{"line":7,"column":239}},"4":{"start":{"line":7,"column":97},"end":{"line":7,"column":123}},"5":{"start":{"line":7,"column":124},"end":{"line":7,"column":237}},"6":{"start":{"line":7,"column":150},"end":{"line":7,"column":235}},"7":{"start":{"line":7,"column":207},"end":{"line":7,"column":233}},"8":{"start":{"line":7,"column":240},"end":{"line":7,"column":254}},"9":{"start":{"line":9,"column":0},"end":{"line":9,"column":564}},"10":{"start":{"line":9,"column":33},"end":{"line":9,"column":349}},"11":{"start":{"line":9,"column":76},"end":{"line":9,"column":347}},"12":{"start":{"line":9,"column":117},"end":{"line":9,"column":143}},"13":{"start":{"line":9,"column":144},"end":{"line":9,"column":199}},"14":{"start":{"line":9,"column":200},"end":{"line":9,"column":231}},"15":{"start":{"line":9,"column":232},"end":{"line":9,"column":286}},"16":{"start":{"line":9,"column":259},"end":{"line":9,"column":286}},"17":{"start":{"line":9,"column":287},"end":{"line":9,"column":345}},"18":{"start":{"line":9,"column":350},"end":{"line":9,"column":559}},"19":{"start":{"line":9,"column":407},"end":{"line":9,"column":475}},"20":{"start":{"line":9,"column":423},"end":{"line":9,"column":475}},"21":{"start":{"line":9,"column":476},"end":{"line":9,"column":536}},"22":{"start":{"line":9,"column":493},"end":{"line":9,"column":536}},"23":{"start":{"line":9,"column":537},"end":{"line":9,"column":556}},"24":{"start":{"line":11,"column":0},"end":{"line":11,"column":40}},"25":{"start":{"line":13,"column":0},"end":{"line":13,"column":55}},"26":{"start":{"line":15,"column":0},"end":{"line":15,"column":50}},"27":{"start":{"line":17,"column":0},"end":{"line":17,"column":47}},"28":{"start":{"line":19,"column":0},"end":{"line":19,"column":50}},"29":{"start":{"line":21,"column":0},"end":{"line":21,"column":47}},"30":{"start":{"line":23,"column":0},"end":{"line":23,"column":62}},"31":{"start":{"line":25,"column":0},"end":{"line":25,"column":59}},"32":{"start":{"line":27,"column":0},"end":{"line":27,"column":56}},"33":{"start":{"line":29,"column":0},"end":{"line":29,"column":53}},"34":{"start":{"line":31,"column":0},"end":{"line":31,"column":79}},"35":{"start":{"line":33,"column":0},"end":{"line":33,"column":77}},"36":{"start":{"line":35,"column":0},"end":{"line":35,"column":30}},"37":{"start":{"line":37,"column":0},"end":{"line":37,"column":45}},"38":{"start":{"line":39,"column":0},"end":{"line":39,"column":37}},"39":{"start":{"line":41,"column":0},"end":{"line":41,"column":51}},"40":{"start":{"line":43,"column":0},"end":{"line":43,"column":39}},"41":{"start":{"line":45,"column":0},"end":{"line":45,"column":53}},"42":{"start":{"line":47,"column":0},"end":{"line":47,"column":60}},"43":{"start":{"line":49,"column":0},"end":{"line":49,"column":67}},"44":{"start":{"line":51,"column":0},"end":{"line":51,"column":62}},"45":{"start":{"line":53,"column":0},"end":{"line":53,"column":69}},"46":{"start":{"line":55,"column":0},"end":{"line":55,"column":54}},"47":{"start":{"line":57,"column":0},"end":{"line":57,"column":61}},"48":{"start":{"line":59,"column":0},"end":{"line":59,"column":50}},"49":{"start":{"line":61,"column":0},"end":{"line":61,"column":57}},"50":{"start":{"line":63,"column":0},"end":{"line":63,"column":95}},"51":{"start":{"line":63,"column":39},"end":{"line":63,"column":93}},"52":{"start":{"line":65,"column":0},"end":{"line":65,"column":153}},"53":{"start":{"line":65,"column":50},"end":{"line":65,"column":151}},"54":{"start":{"line":65,"column":92},"end":{"line":65,"column":149}},"55":{"start":{"line":67,"column":0},"end":{"line":67,"column":240}},"56":{"start":{"line":67,"column":50},"end":{"line":67,"column":151}},"57":{"start":{"line":67,"column":63},"end":{"line":67,"column":149}},"58":{"start":{"line":67,"column":152},"end":{"line":67,"column":238}},"59":{"start":{"line":69,"column":0},"end":{"line":69,"column":494}},"60":{"start":{"line":69,"column":43},"end":{"line":69,"column":208}},"61":{"start":{"line":69,"column":106},"end":{"line":69,"column":206}},"62":{"start":{"line":69,"column":209},"end":{"line":69,"column":373}},"63":{"start":{"line":69,"column":374},"end":{"line":69,"column":492}},"64":{"start":{"line":69,"column":390},"end":{"line":69,"column":492}},"65":{"start":{"line":75,"column":0},"end":{"line":254,"column":29}},"66":{"start":{"line":76,"column":2},"end":{"line":76,"column":37}},"67":{"start":{"line":78,"column":2},"end":{"line":176,"column":3}},"68":{"start":{"line":79,"column":4},"end":{"line":79,"column":33}},"69":{"start":{"line":81,"column":4},"end":{"line":81,"column":127}},"70":{"start":{"line":83,"column":4},"end":{"line":85,"column":6}},"71":{"start":{"line":84,"column":6},"end":{"line":84,"column":23}},"72":{"start":{"line":87,"column":4},"end":{"line":91,"column":6}},"73":{"start":{"line":88,"column":6},"end":{"line":90,"column":9}},"74":{"start":{"line":89,"column":8},"end":{"line":89,"column":32}},"75":{"start":{"line":93,"column":4},"end":{"line":133,"column":6}},"76":{"start":{"line":94,"column":6},"end":{"line":96,"column":7}},"77":{"start":{"line":95,"column":8},"end":{"line":95,"column":15}},"78":{"start":{"line":98,"column":6},"end":{"line":98,"column":36}},"79":{"start":{"line":99,"column":6},"end":{"line":99,"column":44}},"80":{"start":{"line":100,"column":6},"end":{"line":100,"column":60}},"81":{"start":{"line":102,"column":6},"end":{"line":102,"column":82}},"82":{"start":{"line":103,"column":6},"end":{"line":103,"column":64}},"83":{"start":{"line":105,"column":6},"end":{"line":108,"column":7}},"84":{"start":{"line":106,"column":8},"end":{"line":106,"column":45}},"85":{"start":{"line":107,"column":8},"end":{"line":107,"column":15}},"86":{"start":{"line":110,"column":6},"end":{"line":130,"column":7}},"87":{"start":{"line":111,"column":8},"end":{"line":128,"column":9}},"88":{"start":{"line":112,"column":10},"end":{"line":112,"column":38}},"89":{"start":{"line":117,"column":10},"end":{"line":127,"column":13}},"90":{"start":{"line":122,"column":12},"end":{"line":124,"column":13}},"91":{"start":{"line":123,"column":14},"end":{"line":123,"column":21}},"92":{"start":{"line":126,"column":12},"end":{"line":126,"column":40}},"93":{"start":{"line":129,"column":8},"end":{"line":129,"column":15}},"94":{"start":{"line":132,"column":6},"end":{"line":132,"column":61}},"95":{"start":{"line":135,"column":4},"end":{"line":140,"column":6}},"96":{"start":{"line":136,"column":6},"end":{"line":136,"column":97}},"97":{"start":{"line":137,"column":6},"end":{"line":137,"column":80}},"98":{"start":{"line":139,"column":6},"end":{"line":139,"column":64}},"99":{"start":{"line":142,"column":4},"end":{"line":158,"column":6}},"100":{"start":{"line":143,"column":6},"end":{"line":145,"column":7}},"101":{"start":{"line":144,"column":8},"end":{"line":144,"column":15}},"102":{"start":{"line":147,"column":6},"end":{"line":147,"column":101}},"103":{"start":{"line":149,"column":6},"end":{"line":151,"column":7}},"104":{"start":{"line":150,"column":8},"end":{"line":150,"column":45}},"105":{"start":{"line":153,"column":6},"end":{"line":157,"column":9}},"106":{"start":{"line":154,"column":8},"end":{"line":156,"column":9}},"107":{"start":{"line":155,"column":10},"end":{"line":155,"column":49}},"108":{"start":{"line":160,"column":4},"end":{"line":166,"column":6}},"109":{"start":{"line":161,"column":6},"end":{"line":161,"column":53}},"110":{"start":{"line":162,"column":6},"end":{"line":162,"column":92}},"111":{"start":{"line":163,"column":6},"end":{"line":163,"column":62}},"112":{"start":{"line":165,"column":6},"end":{"line":165,"column":74}},"113":{"start":{"line":168,"column":4},"end":{"line":172,"column":6}},"114":{"start":{"line":174,"column":4},"end":{"line":174,"column":38}},"115":{"start":{"line":175,"column":4},"end":{"line":175,"column":17}},"116":{"start":{"line":178,"column":2},"end":{"line":251,"column":6}},"117":{"start":{"line":181,"column":6},"end":{"line":181,"column":24}},"118":{"start":{"line":183,"column":6},"end":{"line":183,"column":29}},"119":{"start":{"line":185,"column":6},"end":{"line":187,"column":9}},"120":{"start":{"line":186,"column":8},"end":{"line":186,"column":39}},"121":{"start":{"line":188,"column":6},"end":{"line":190,"column":9}},"122":{"start":{"line":189,"column":8},"end":{"line":189,"column":40}},"123":{"start":{"line":192,"column":6},"end":{"line":192,"column":22}},"124":{"start":{"line":197,"column":6},"end":{"line":197,"column":38}},"125":{"start":{"line":202,"column":6},"end":{"line":205,"column":7}},"126":{"start":{"line":203,"column":8},"end":{"line":203,"column":41}},"127":{"start":{"line":204,"column":8},"end":{"line":204,"column":24}},"128":{"start":{"line":210,"column":6},"end":{"line":210,"column":30}},"129":{"start":{"line":212,"column":6},"end":{"line":214,"column":7}},"130":{"start":{"line":213,"column":8},"end":{"line":213,"column":44}},"131":{"start":{"line":215,"column":6},"end":{"line":217,"column":7}},"132":{"start":{"line":216,"column":8},"end":{"line":216,"column":45}},"133":{"start":{"line":222,"column":6},"end":{"line":222,"column":69}},"134":{"start":{"line":223,"column":6},"end":{"line":223,"column":37}},"135":{"start":{"line":224,"column":6},"end":{"line":224,"column":45}},"136":{"start":{"line":225,"column":6},"end":{"line":225,"column":37}},"137":{"start":{"line":226,"column":6},"end":{"line":226,"column":30}},"138":{"start":{"line":227,"column":6},"end":{"line":227,"column":35}},"139":{"start":{"line":228,"column":6},"end":{"line":228,"column":37}},"140":{"start":{"line":229,"column":6},"end":{"line":229,"column":27}},"141":{"start":{"line":231,"column":6},"end":{"line":231,"column":59}},"142":{"start":{"line":233,"column":6},"end":{"line":233,"column":34}},"143":{"start":{"line":234,"column":6},"end":{"line":234,"column":30}},"144":{"start":{"line":235,"column":6},"end":{"line":244,"column":7}},"145":{"start":{"line":236,"column":8},"end":{"line":236,"column":49}},"146":{"start":{"line":237,"column":8},"end":{"line":237,"column":41}},"147":{"start":{"line":238,"column":13},"end":{"line":244,"column":7}},"148":{"start":{"line":239,"column":8},"end":{"line":239,"column":52}},"149":{"start":{"line":240,"column":8},"end":{"line":240,"column":44}},"150":{"start":{"line":242,"column":8},"end":{"line":242,"column":51}},"151":{"start":{"line":243,"column":8},"end":{"line":243,"column":43}},"152":{"start":{"line":246,"column":6},"end":{"line":249,"column":9}},"153":{"start":{"line":253,"column":2},"end":{"line":253,"column":15}},"154":{"start":{"line":256,"column":0},"end":{"line":329,"column":2}},"155":{"start":{"line":331,"column":0},"end":{"line":335,"column":2}},"156":{"start":{"line":337,"column":0},"end":{"line":337,"column":24}},"157":{"start":{"line":338,"column":0},"end":{"line":338,"column":36}}},"branchMap":{"1":{"line":7,"type":"binary-expr","locations":[{"start":{"line":7,"column":15},"end":{"line":7,"column":28}},{"start":{"line":7,"column":32},"end":{"line":7,"column":256}}]},"2":{"line":7,"type":"if","locations":[{"start":{"line":7,"column":150},"end":{"line":7,"column":150}},{"start":{"line":7,"column":150},"end":{"line":7,"column":150}}]},"3":{"line":9,"type":"binary-expr","locations":[{"start":{"line":9,"column":168},"end":{"line":9,"column":189}},{"start":{"line":9,"column":193},"end":{"line":9,"column":198}}]},"4":{"line":9,"type":"if","locations":[{"start":{"line":9,"column":232},"end":{"line":9,"column":232}},{"start":{"line":9,"column":232},"end":{"line":9,"column":232}}]},"5":{"line":9,"type":"if","locations":[{"start":{"line":9,"column":407},"end":{"line":9,"column":407}},{"start":{"line":9,"column":407},"end":{"line":9,"column":407}}]},"6":{"line":9,"type":"if","locations":[{"start":{"line":9,"column":476},"end":{"line":9,"column":476}},{"start":{"line":9,"column":476},"end":{"line":9,"column":476}}]},"7":{"line":63,"type":"cond-expr","locations":[{"start":{"line":63,"column":70},"end":{"line":63,"column":73}},{"start":{"line":63,"column":76},"end":{"line":63,"column":92}}]},"8":{"line":63,"type":"binary-expr","locations":[{"start":{"line":63,"column":46},"end":{"line":63,"column":49}},{"start":{"line":63,"column":53},"end":{"line":63,"column":67}}]},"9":{"line":65,"type":"if","locations":[{"start":{"line":65,"column":50},"end":{"line":65,"column":50}},{"start":{"line":65,"column":50},"end":{"line":65,"column":50}}]},"10":{"line":67,"type":"if","locations":[{"start":{"line":67,"column":50},"end":{"line":67,"column":50}},{"start":{"line":67,"column":50},"end":{"line":67,"column":50}}]},"11":{"line":67,"type":"cond-expr","locations":[{"start":{"line":67,"column":226},"end":{"line":67,"column":230}},{"start":{"line":67,"column":233},"end":{"line":67,"column":237}}]},"12":{"line":67,"type":"binary-expr","locations":[{"start":{"line":67,"column":159},"end":{"line":67,"column":163}},{"start":{"line":67,"column":168},"end":{"line":67,"column":192}},{"start":{"line":67,"column":196},"end":{"line":67,"column":222}}]},"13":{"line":69,"type":"if","locations":[{"start":{"line":69,"column":43},"end":{"line":69,"column":43}},{"start":{"line":69,"column":43},"end":{"line":69,"column":43}}]},"14":{"line":69,"type":"binary-expr","locations":[{"start":{"line":69,"column":47},"end":{"line":69,"column":79}},{"start":{"line":69,"column":83},"end":{"line":69,"column":102}}]},"15":{"line":69,"type":"binary-expr","locations":[{"start":{"line":69,"column":244},"end":{"line":69,"column":254}},{"start":{"line":69,"column":258},"end":{"line":69,"column":278}}]},"16":{"line":69,"type":"if","locations":[{"start":{"line":69,"column":374},"end":{"line":69,"column":374}},{"start":{"line":69,"column":374},"end":{"line":69,"column":374}}]},"17":{"line":69,"type":"cond-expr","locations":[{"start":{"line":69,"column":414},"end":{"line":69,"column":457}},{"start":{"line":69,"column":460},"end":{"line":69,"column":491}}]},"18":{"line":81,"type":"binary-expr","locations":[{"start":{"line":81,"column":50},"end":{"line":81,"column":65}},{"start":{"line":81,"column":69},"end":{"line":81,"column":97}}]},"19":{"line":94,"type":"if","locations":[{"start":{"line":94,"column":6},"end":{"line":94,"column":6}},{"start":{"line":94,"column":6},"end":{"line":94,"column":6}}]},"20":{"line":103,"type":"binary-expr","locations":[{"start":{"line":103,"column":40},"end":{"line":103,"column":57}},{"start":{"line":103,"column":61},"end":{"line":103,"column":62}}]},"21":{"line":105,"type":"if","locations":[{"start":{"line":105,"column":6},"end":{"line":105,"column":6}},{"start":{"line":105,"column":6},"end":{"line":105,"column":6}}]},"22":{"line":110,"type":"if","locations":[{"start":{"line":110,"column":6},"end":{"line":110,"column":6}},{"start":{"line":110,"column":6},"end":{"line":110,"column":6}}]},"23":{"line":111,"type":"if","locations":[{"start":{"line":111,"column":8},"end":{"line":111,"column":8}},{"start":{"line":111,"column":8},"end":{"line":111,"column":8}}]},"24":{"line":122,"type":"if","locations":[{"start":{"line":122,"column":12},"end":{"line":122,"column":12}},{"start":{"line":122,"column":12},"end":{"line":122,"column":12}}]},"25":{"line":143,"type":"if","locations":[{"start":{"line":143,"column":6},"end":{"line":143,"column":6}},{"start":{"line":143,"column":6},"end":{"line":143,"column":6}}]},"26":{"line":143,"type":"binary-expr","locations":[{"start":{"line":143,"column":10},"end":{"line":143,"column":41}},{"start":{"line":143,"column":45},"end":{"line":143,"column":78}},{"start":{"line":143,"column":82},"end":{"line":143,"column":105}}]},"27":{"line":147,"type":"cond-expr","locations":[{"start":{"line":147,"column":44},"end":{"line":147,"column":46}},{"start":{"line":147,"column":49},"end":{"line":147,"column":100}}]},"28":{"line":149,"type":"if","locations":[{"start":{"line":149,"column":6},"end":{"line":149,"column":6}},{"start":{"line":149,"column":6},"end":{"line":149,"column":6}}]},"29":{"line":154,"type":"if","locations":[{"start":{"line":154,"column":8},"end":{"line":154,"column":8}},{"start":{"line":154,"column":8},"end":{"line":154,"column":8}}]},"30":{"line":202,"type":"if","locations":[{"start":{"line":202,"column":6},"end":{"line":202,"column":6}},{"start":{"line":202,"column":6},"end":{"line":202,"column":6}}]},"31":{"line":212,"type":"if","locations":[{"start":{"line":212,"column":6},"end":{"line":212,"column":6}},{"start":{"line":212,"column":6},"end":{"line":212,"column":6}}]},"32":{"line":215,"type":"if","locations":[{"start":{"line":215,"column":6},"end":{"line":215,"column":6}},{"start":{"line":215,"column":6},"end":{"line":215,"column":6}}]},"33":{"line":235,"type":"if","locations":[{"start":{"line":235,"column":6},"end":{"line":235,"column":6}},{"start":{"line":235,"column":6},"end":{"line":235,"column":6}}]},"34":{"line":238,"type":"if","locations":[{"start":{"line":238,"column":13},"end":{"line":238,"column":13}},{"start":{"line":238,"column":13},"end":{"line":238,"column":13}}]}},"code":["'use strict';","","Object.defineProperty(exports, \"__esModule\", {","  value: true","});","","var _extends = Object.assign || function (target) { for (var i = 1; i < arguments.length; i++) { var source = arguments[i]; for (var key in source) { if (Object.prototype.hasOwnProperty.call(source, key)) { target[key] = source[key]; } } } return target; };","","var _createClass = function () { function defineProperties(target, props) { for (var i = 0; i < props.length; i++) { var descriptor = props[i]; descriptor.enumerable = descriptor.enumerable || false; descriptor.configurable = true; if (\"value\" in descriptor) descriptor.writable = true; Object.defineProperty(target, descriptor.key, descriptor); } } return function (Constructor, protoProps, staticProps) { if (protoProps) defineProperties(Constructor.prototype, protoProps); if (staticProps) defineProperties(Constructor, staticProps); return Constructor; }; }();","","var _classnames = require('classnames');","","var _classnames2 = _interopRequireDefault(_classnames);","","var _height = require('dom-helpers/query/height');","","var _height2 = _interopRequireDefault(_height);","","var _offset = require('dom-helpers/query/offset');","","var _offset2 = _interopRequireDefault(_offset);","","var _offsetParent = require('dom-helpers/query/offsetParent');","","var _offsetParent2 = _interopRequireDefault(_offsetParent);","","var _scrollTop = require('dom-helpers/query/scrollTop');","","var _scrollTop2 = _interopRequireDefault(_scrollTop);","","var _requestAnimationFrame = require('dom-helpers/util/requestAnimationFrame');","","var _requestAnimationFrame2 = _interopRequireDefault(_requestAnimationFrame);","","var _react = require('react');","","var _react2 = _interopRequireDefault(_react);","","var _reactDom = require('react-dom');","","var _reactDom2 = _interopRequireDefault(_reactDom);","","var _propTypes = require('prop-types');","","var _propTypes2 = _interopRequireDefault(_propTypes);","","var _addEventListener = require('./utils/addEventListener');","","var _addEventListener2 = _interopRequireDefault(_addEventListener);","","var _getDocumentHeight = require('./utils/getDocumentHeight');","","var _getDocumentHeight2 = _interopRequireDefault(_getDocumentHeight);","","var _ownerDocument = require('./utils/ownerDocument');","","var _ownerDocument2 = _interopRequireDefault(_ownerDocument);","","var _ownerWindow = require('./utils/ownerWindow');","","var _ownerWindow2 = _interopRequireDefault(_ownerWindow);","","function _interopRequireDefault(obj) { return obj && obj.__esModule ? obj : { default: obj }; }","","function _classCallCheck(instance, Constructor) { if (!(instance instanceof Constructor)) { throw new TypeError(\"Cannot call a class as a function\"); } }","","function _possibleConstructorReturn(self, call) { if (!self) { throw new ReferenceError(\"this hasn't been initialised - super() hasn't been called\"); } return call && (typeof call === \"object\" || typeof call === \"function\") ? call : self; }","","function _inherits(subClass, superClass) { if (typeof superClass !== \"function\" && superClass !== null) { throw new TypeError(\"Super expression must either be null or a function, not \" + typeof superClass); } subClass.prototype = Object.create(superClass && superClass.prototype, { constructor: { value: subClass, enumerable: false, writable: true, configurable: true } }); if (super
[...]
if","locations":[{"start":{"line":113,"column":6},"end":{"line":113,"column":6}},{"start":{"line":113,"column":6},"end":{"line":113,"column":6}}]},"26":{"line":130,"type":"if","locations":[{"start":{"line":130,"column":8},"end":{"line":130,"column":8}},{"start":{"line":130,"column":8},"end":{"line":130,"column":8}}]},"27":{"line":148,"type":"if","locations":[{"start":{"line":148,"column":6},"end":{"line":148,"column":6}},{"start":{"line":148,"column":6},"end":{"line":148,"column":6}}]},"28":{"line":159,"type":"if","locations":[{"start":{"line":159,"column":4},"end":{"line":159,"column":4}},{"start":{"line":159,"column":4},"end":{"line":159,"column":4}}]},"29":{"line":160,"type":"if","locations":[{"start":{"line":160,"column":6},"end":{"line":160,"column":6}},{"start":{"line":160,"column":6},"end":{"line":160,"column":6}}]},"30":{"line":167,"type":"if","locations":[{"start":{"line":167,"column":6},"end":{"line":167,"column":6}},{"start":{"line":167,"column":6},"end":{"line":167,"column":6}}]},"31":{"line":167,"type":"binary-expr","locations":[{"start":{"line":167,"column":10},"end":{"line":167,"column":29}},{"start":{"line":167,"column":33},"end":{"line":167,"column":51}}]},"32":{"line":191,"type":"if","locations":[{"start":{"line":191,"column":6},"end":{"line":191,"column":6}},{"start":{"line":191,"column":6},"end":{"line":191,"column":6}}]},"33":{"line":192,"type":"if","locations":[{"start":{"line":192,"column":8},"end":{"line":192,"column":8}},{"start":{"line":192,"column":8},"end":{"line":192,"column":8}}]},"34":{"line":195,"type":"if","locations":[{"start":{"line":195,"column":8},"end":{"line":195,"column":8}},{"start":{"line":195,"column":8},"end":{"line":195,"column":8}}]},"35":{"line":195,"type":"binary-expr","locations":[{"start":{"line":195,"column":12},"end":{"line":195,"column":31}},{"start":{"line":195,"column":35},"end":{"line":195,"column":53}}]},"36":{"line":199,"type":"if","locations":[{"start":{"line":199,"column":8},"end":{"line":199,"column":8}},{"start":{"line":199,"column":8},"end":{"line":199,"column":8}}]},"37":{"line":199,"type":"binary-expr","locations":[{"start":{"line":199,"column":12},"end":{"line":199,"column":31}},{"start":{"line":199,"column":35},"end":{"line":199,"column":53}}]},"38":{"line":218,"type":"if","locations":[{"start":{"line":218,"column":6},"end":{"line":218,"column":6}},{"start":{"line":218,"column":6},"end":{"line":218,"column":6}}]},"39":{"line":233,"type":"if","locations":[{"start":{"line":233,"column":6},"end":{"line":233,"column":6}},{"start":{"line":233,"column":6},"end":{"line":233,"column":6}}]},"40":{"line":235,"type":"if","locations":[{"start":{"line":235,"column":13},"end":{"line":235,"column":13}},{"start":{"line":235,"column":13},"end":{"line":235,"column":13}}]},"41":{"line":237,"type":"if","locations":[{"start":{"line":237,"column":13},"end":{"line":237,"column":13}},{"start":{"line":237,"column":13},"end":{"line":237,"column":13}}]},"42":{"line":239,"type":"if","locations":[{"start":{"line":239,"column":13},"end":{"line":239,"column":13}},{"start":{"line":239,"column":13},"end":{"line":239,"column":13}}]}},"code":["'use strict';","","Object.defineProperty(exports, \"__esModule\", {","  value: true","});","exports.EXITING = exports.ENTERED = exports.ENTERING = exports.EXITED = exports.UNMOUNTED = undefined;","","var _extends = Object.assign || function (target) { for (var i = 1; i < arguments.length; i++) { var source = arguments[i]; for (var key in source) { if (Object.prototype.hasOwnProperty.call(source, key)) { target[key] = source[key]; } } } return target; };","","var _createClass = function () { function defineProperties(target, props) { for (var i = 0; i < props.length; i++) { var descriptor = props[i]; descriptor.enumerable = descriptor.enumerable || false; descriptor.configurable = true; if (\"value\" in descriptor) descriptor.writable = true; Object.defineProperty(target, descriptor.key, descriptor); } } return function (Constructor, protoProps, staticProps) { if (protoProps) defineProperties(Constructor.prototype, protoProps); if (staticProps) defineProperties(Constructor, staticProps); return Constructor; }; }();","","var _classnames = require('classnames');","","var _classnames2 = _interopRequireDefault(_classnames);","","var _on = require('dom-helpers/events/on');","","var _on2 = _interopRequireDefault(_on);","","var _properties = require('dom-helpers/transition/properties');","","var _properties2 = _interopRequireDefault(_properties);","","var _react = require('react');","","var _react2 = _interopRequireDefault(_react);","","var _propTypes = require('prop-types');","","var _propTypes2 = _interopRequireDefault(_propTypes);","","var _reactDom = require('react-dom');","","var _reactDom2 = _interopRequireDefault(_reactDom);","","function _interopRequireDefault(obj) { return obj && obj.__esModule ? obj : { default: obj }; }","","function _objectWithoutProperties(obj, keys) { var target = {}; for (var i in obj) { if (keys.indexOf(i) >= 0) continue; if (!Object.prototype.hasOwnProperty.call(obj, i)) continue; target[i] = obj[i]; } return target; }","","function _classCallCheck(instance, Constructor) { if (!(instance instanceof Constructor)) { throw new TypeError(\"Cannot call a class as a function\"); } }","","function _possibleConstructorReturn(self, call) { if (!self) { throw new ReferenceError(\"this hasn't been initialised - super() hasn't been called\"); } return call && (typeof call === \"object\" || typeof call === \"function\") ? call : self; }","","function _inherits(subClass, superClass) { if (typeof superClass !== \"function\" && superClass !== null) { throw new TypeError(\"Super expression must either be null or a function, not \" + typeof superClass); } subClass.prototype = Object.create(superClass && superClass.prototype, { constructor: { value: subClass, enumerable: false, writable: true, configurable: true } }); if (superClass) Object.setPrototypeOf ? Object.setPrototypeOf(subClass, superClass) : subClass.__proto__ = superClass; }","","var transitionEndEvent = _properties2.default.end;","","var UNMOUNTED = exports.UNMOUNTED = 0;","var EXITED = exports.EXITED = 1;","var ENTERING = exports.ENTERING = 2;","var ENTERED = exports.ENTERED = 3;","var EXITING = exports.EXITING = 4;","","/**"," * The Transition component lets you define and run css transitions with a simple declarative api."," * It works similar to React's own [CSSTransitionGroup](http://facebook.github.io/react/docs/animation.html#high-level-api-reactcsstransitiongroup)"," * but is specifically optimized for transitioning a single child \"in\" or \"out\"."," *"," * You don't even need to use class based css transitions if you don't want to (but it is easiest)."," * The extensive set of lifecycle callbacks means you have control over"," * the transitioning now at each step of the way."," */","","var Transition = function (_React$Component) {","  _inherits(Transition, _React$Component);","","  function Transition(props, context) {","    _classCallCheck(this, Transition);","","    var _this = _possibleConstructorReturn(this, (Transition.__proto__ || Object.getPrototypeOf(Transition)).call(this, props, context));","","    _this.updateStatus = function () {","      if (_this.nextStatus !== null) {","        (function () {","          // nextStatus will always be ENTERING or EXITING.","          _this.cancelNextCallback();","          var node = _reactDom2.default.findDOMNode(_this);","","          if (_this.nextStatus === ENTERING) {","            _this.props.onEnter(node);","","            _this.safeSetState({ status: ENTERING }, function () {","              _this.props.onEntering(node);","","              _this.onTransitionEnd(node, function () {","                _this.safeSetState({ status: ENTERED }, function () {","                  _this.props.onEntered(node);","                });","              });","            });","          } else {","            _this.props.onExit(node);","","            _this.safeSetState({ status: EXITING }, function () {","              _this.props.onExiting(node);","","              _this.onTransitionEnd(node, function () {","                _this.safeSetState({ status: EXITED }, function () {","                  _this.props.onExited(node);","                });","              });","            });","          }","","          _this.nextStatus = null;","        })();","      } else if (_this.props.unmountOnExit && _this.state.status === EXITED) {","        _this.setState({ status: UNMOUNTED });","      }","    };","","    _this.cancelNextCallback = function () {","      if (_this.nextCallback !== null) {","        _this.nextCallback.cancel();","        _this.nextCallback = null;","      }","    };","","    _this.safeSetState = function (nextState, callback) {","      // This shouldn't be necessary, but there are weird race conditions with","      // setState callbacks and unmounting in testing, so always make sure that","      // we can cancel any pending setState callbacks after we unmount.","      _this.setState(nextState, _this.setNextCallback(callback));","    };","","    _this.setNextCallback = function (callback) {","      var active = true;","","      _this.nextCallback = function (event) {","        if (active) {","          active = false;","          _this.nextCallback = null;","","          callback(event);","        }","      };","","      _this.nextCallback.cancel = function () {","        active = false;","      };","","      return _this.nextCallback;","    };","","    _this.onTransitionEnd = function (node, handler) {","      _this.setNextCallback(handler);","","      if (node) {","        (0, _on2.default)(node, transitionEndEvent, _this.nextCallback);","        setTimeout(_this.nextCallback, _this.props.timeout);","      } else {","        setTimeout(_this.nextCallback, 0);","      }","    };","","    var initialStatus = void 0;","    _this.nextStatus = null;","","    if (props.in) {","      if (props.transitionAppear) {","        initialStatus = EXITED;","        _this.nextStatus = ENTERING;","      } else {","        initialStatus = ENTERED;","      }","    } else {","      if (props.unmountOnExit || props.mountOnEnter) {","        initialStatus = UNMOUNTED;","      } else {","        initialStatus = EXITED;","      }","    }","","    _this.state = { status: initialStatus };","","    _this.nextCallback = null;","    return _this;","  }","","  _createClass(Transition, [{","    key: 'componentDidMount',","    value: function componentDidMount() {","      this.updateStatus();","    }","  }, {","    key: 'componentWillReceiveProps',","    value: function componentWillReceiveProps(nextProps) {","      var status = this.state.status;","","","      if (nextProps.in) {","        if (status === UNMOUNTED) {","          this.setState({ status: EXITED });","        }","        if (status !== ENTERING && status !== ENTERED) {","          this.nextStatus = ENTERING;","        }","      } else {","        if (status === ENTERING || status === ENTERED) {","          this.nextStatus = EXITING;","        }","      }","    }","  }, {","    key: 'componentDidUpdate',","    value: function componentDidUpdate() {","      this.updateStatus();","    }","  }, {","    key: 'componentWillUnmount',","    value: function componentWillUnmount() {","      this.cancelNextCallback();","    }","  }, {","    key: 'render',","    value: function render() {","      var status = this.state.status;","      if (status === UNMOUNTED) {","        return null;","      }","","      var _props = this.props;","      var children = _props.children;","      var className = _props.className;","","      var childProps = _objectWithoutProperties(_props, ['children', 'className']);","","      Object.keys(Transition.propTypes).forEach(function (key) {","        return delete childProps[key];","      });","","      var transitionClassName = void 0;","      if (status === EXITED) {","        transitionClassName = this.props.exitedClassName;","      } else if (status === ENTERING) {","        transitionClassName = this.props.enteringClassName;","      } else if (status === ENTERED) {","        transitionClassName = this.props.enteredClassName;","      } else if (status === EXITING) {","        transitionClassName = this.props.exitingClassName;","      }","","      var child = _react2.default.Children.only(children);","      return _react2.default.cloneElement(child, _extends({}, childProps, {","        className: (0, _classnames2.default)(child.props.className, className, transitionClassName)","      }));","    }","  }]);","","  return Transition;","}(_react2.default.Component);","","Transition.propTypes = {","  /**","   * Show the component; triggers the enter or exit animation","   */","  in: _propTypes2.default.bool,","","  /**","   * Wait until the first \"enter\" transition to mount the component (add it to the DOM)","   */","  mountOnEnter: _propTypes2.default.bool,","","  /**","   * Unmount the component (remove it from the DOM) when it is not shown","   */","  unmountOnExit: _propTypes2.default.bool,","","  /**","   * Run the enter animation when the component mounts, if it is initially","   * shown","   */","  transitionAppear: _propTypes2.default.bool,","","  /**","   * A Timeout for the animation, in milliseconds, to ensure that a node doesn't","   * transition indefinately if the browser transitionEnd events are","   * canceled or interrupted.","   *","   * By default this is set to a high number (5 seconds) as a failsafe. You should consider","   * setting this to the duration of your animation (or a bit above it).","   */","  timeout: _propTypes2.default.number,","","  /**","   * CSS class or classes applied when the component is exited","   */","  exitedClassName: _propTypes2.default.string,","  /**","   * CSS class or classes applied while the component is exiting","   */","  exitingClassName: _propTypes2.default.string,","  /**","   * CSS class or classes applied when the component is entered","   */","  enteredClassName: _propTypes2.default.string,","  /**","   * CSS class or classes applied while the component is entering","   */","  enteringClassName: _propTypes2.default.string,","","  /**","   * Callback fired before the \"entering\" classes are applied","   */","  onEnter: _propTypes2.default.func,","  /**","   * Callback fired after the \"entering\" classes are applied","   */","  onEntering: _propTypes2.default.func,","  /**","   * Callback fired after the \"enter\" classes are applied","   */","  onEntered: _propTypes2.default.func,","  /**","   * Callback fired before the \"exiting\" classes are applied","   */","  onExit: _propTypes2.default.func,","  /**","   * Callback fired after the \"exiting\" classes are applied","   */","  onExiting: _propTypes2.default.func,","  /**","   * Callback fired after the \"exited\" classes are applied","   */","  onExited: _propTypes2.default.func","};","","// Name the function so it is clearer in the documentation","function noop() {}","","Transition.displayName = 'Transition';","","Transition.defaultProps = {","  in: false,","  unmountOnExit: false,","  transitionAppear: false,","","  timeout: 5000,","","  onEnter: noop,","  onEntering: noop,","  onEntered: noop,","","  onExit: noop,","  onExiting: noop,","  onExited: noop","};","","exports.default = Transition;"],"l":{"3":1,"6":1,"8":1,"10":5,"12":1,"14":1,"16":1,"18":1,"20":1,"22":1,"24":1,"26":1,"28":1,"30":1,"32":1,"34":1,"36":6,"38":1,"40":1,"42":1,"44":1,"46":1,"48":1,"49":1,"50":1,"51":1,"52":1,"64":1,"65":1,"67":1,"68":0,"70":0,"72":0,"73":0,"74":0,"76":0,"77":0,"79":0,"80":0,"82":0,"83":0,"85":0,"86":0,"87":0,"92":0,"94":0,"95":0,"97":0,"98":0,"99":0,"105":0,"107":0,"108":0,"112":0,"113":0,"114":0,"115":0,"119":0,"123":0,"126":0,"127":0,"129":0,"130":0,"131":0,"132":0,"134":0,"138":0,"139":0,"142":0,"145":0,"146":0,"148":0,"149":0,"150":0,"152":0,"156":0,"157":0,"159":0,"160":0,"161":0,"162":0,"164":0,"167":0,"168":0,"170":0,"174":0,"176":0,"177":0,"180":1,"183":0,"188":0,"191":0,"192":0,"193":0,"195":0,"196":0,"199":0,"200":0,"207":0,"212":0,"217":0,"218":0,"219":0,"222":0,"223":0,"224":0,"226":0,"228":0,"229":0,"232":0,"233":0,"234":0,"235":0,"236":0,"237":0,"238":0,"239":0,"240":0,"243":0,"244":0,"250":1,"253":1,"329":1,"331":1,"333":1,"349":1}},"/home/travis/build/npmtest/node-npmtest-react-overlays/node_modules/react-overlays/lib/utils/createChainedFunction.js":{"path":"/home/travis/build/npmtest/node-npmtest-react-overlays/node_modules/react-overlays/lib/utils/createChainedFunction.js","s":{"1":1,"2":1,"3":0,"4":0,"5":0,"6":0,"7":0,"8":0,"9":0,"10":0,"11":0,"12":0,"13":0,"14":0,"15":0,"16":1,"17":1},"b":{"1":[0,0],"2":[0,0]},"f":{"1":0,"2":0,"3":0,"4":0},"fnMap":{"1":{"name":"createChainedFunction","line":15,"loc":{"start":{"line":15,"column":0},"end":{"line":15,"column":33}}},"2":{"name":"(anonymous_2)","line":20,"loc":{"start":{"line":20,"column":22},"end":{"line":20,"column":35}}},"3":{"name":"(anonymous_3)","line":22,"loc":{"start":{"line":22,"column":12},"end":{"line":22,"column":30}}},"4":{"name":"chainedFunction","line":31,"loc":{"start":{"line":31,"column":11},"end":{"line":31,"column":38}}}},"statementMap":{"1":{"start":{"line":3,"column":0},"end":{"line":5,"column":3}},"2":{"start":{"line":15,"column":0},"end":{"line":40,"column":1}},"3":{"start":{"line":16,"column":2},"end":{"line":18,"column":3}},"4":{"start":{"line":17,"column":4},"end":{"line":17,"column":34}},"5":{"start":{"line":20,"column":2},"end":{"line":39,"column":11}},"6":{"start":{"line":21,"column":4},"end":{"line":21,"column":21}},"7":{"start":{"line":23,"column":4},"end":{"line":25,"column":5}},"8":{"start":{"line":24,"column":6},"end":{"line":24,"column":97}},"9":{"start":{"line":27,"column":4},"end":{"line":29,"column":5}},"10":{"start":{"line":28,"column":6},"end":{"line":28,"column":15}},"11":{"start":{"line":31,"column":4},"end":{"line":38,"column":6}},"12":{"start":{"line":32,"column":6},"end":{"line":34,"column":7}},"13":{"start":{"line":33,"column":8},"end":{"line":33,"column":39}},"14":{"start":{"line":36,"column":6},"end":{"line":36,"column":28}},"15":{"start":{"line":37,"column":6},"end":{"line":37,"column":26}},"16":{"start":{"line":42,"column":0},"end":{"line":42,"column":40}},"17":{"start":{"line":43,"column":0},"end":{"line":43,"column":36}}},"branchMap":{"1":{"line":23,"type":"if","locations":[{"start":{"line":23,"column":4},"end":{"line":23,"column":4}},{"start":{"line":23,"column":4},"end":{"line":23,"column":4}}]},"2":{"line":27,"type":"if","locations":[{"start":{"line":27,"column":4},"end":{"line":27,"column":4}},{"start":{"line":27,"column":4},"end":{"line":27,"column":4}}]}},"code":["'use strict';","","Object.defineProperty(exports, \"__esModule\", {","  value: true","});","/**"," * Safe chained function"," *"," * Will only create a new function if needed,"," * otherwise will pass back existing functions or null."," *"," * @param {function} functions to chain"," * @returns {function|null}"," */","function createChainedFunction() {","  for (var _len = arguments.length, funcs = Array(_len), _key = 0; _key < _len; _key++) {","    funcs[_key] = arguments[_key];","  }","","  return funcs.filter(function (f) {","    return f != null;","  }).reduce(function (acc, f) {","    if (typeof f !== 'function') {","      throw new Error('Invalid Argument Type, must only provide functions, undefined, or null.');","    }","","    if (acc === null) {","      return f;","    }","","    return function chainedFunction() {","      for (var _len2 = arguments.length, args = Array(_len2), _key2 = 0; _key2 < _len2; _key2++) {","        args[_key2] = arguments[_key2];","      }","","      acc.apply(this, args);","      f.apply(this, args);","    };","  }, null);","}","","exports.default = createChainedFunction;","module.exports = exports['default'];"],"l":{"3":1,"15":1,"16":0,"17":0,"20":0,"21":0,"23":0,"24":0,"27":0,"28":0,"31":0,"32":0,"33":0,"36":0,"37":0,"42":1,"43":1}}}